<?xml version="1.0" encoding="UTF-8"?>
<coverage generated="1765669121884" clover="3.2.0">
  <project timestamp="1765669121884" name="All files">
    <metrics statements="511" coveredstatements="303" conditionals="183" coveredconditionals="72" methods="69" coveredmethods="32" elements="763" coveredelements="407" complexity="0" loc="511" ncloc="511" packages="13" files="33" classes="33"/>
    <package name="src">
      <metrics statements="3" coveredstatements="0" conditionals="0" coveredconditionals="0" methods="0" coveredmethods="0"/>
      <file name="index.ts" path="C:\Users\fabia\Documents\OBS_School\09 - Principios de Testing y Seguridad\Actividades\Repo_Proyecto-Testing-Y-Seguridad\api\src\index.ts">
        <metrics statements="3" coveredstatements="0" conditionals="0" coveredconditionals="0" methods="0" coveredmethods="0"/>
        <line num="1" count="0" type="stmt"/>
        <line num="2" count="0" type="stmt"/>
        <line num="6" count="0" type="stmt"/>
      </file>
    </package>
    <package name="src.components">
      <metrics statements="12" coveredstatements="12" conditionals="2" coveredconditionals="2" methods="3" coveredmethods="3"/>
      <file name="index.ts" path="C:\Users\fabia\Documents\OBS_School\09 - Principios de Testing y Seguridad\Actividades\Repo_Proyecto-Testing-Y-Seguridad\api\src\components\index.ts">
        <metrics statements="5" coveredstatements="5" conditionals="0" coveredconditionals="0" methods="0" coveredmethods="0"/>
        <line num="1" count="3" type="stmt"/>
        <line num="2" count="3" type="stmt"/>
        <line num="3" count="3" type="stmt"/>
        <line num="4" count="3" type="stmt"/>
        <line num="6" count="3" type="stmt"/>
      </file>
      <file name="validation.ts" path="C:\Users\fabia\Documents\OBS_School\09 - Principios de Testing y Seguridad\Actividades\Repo_Proyecto-Testing-Y-Seguridad\api\src\components\validation.ts">
        <metrics statements="7" coveredstatements="7" conditionals="2" coveredconditionals="2" methods="3" coveredmethods="3"/>
        <line num="1" count="3" type="stmt"/>
        <line num="2" count="3" type="stmt"/>
        <line num="17" count="12" type="stmt"/>
        <line num="25" count="12" type="stmt"/>
        <line num="32" count="11" type="cond" truecount="2" falsecount="0"/>
        <line num="33" count="2" type="stmt"/>
        <line num="43" count="3" type="stmt"/>
      </file>
    </package>
    <package name="src.components.AboutMe">
      <metrics statements="66" coveredstatements="18" conditionals="8" coveredconditionals="0" methods="11" coveredmethods="0"/>
      <file name="index.ts" path="C:\Users\fabia\Documents\OBS_School\09 - Principios de Testing y Seguridad\Actividades\Repo_Proyecto-Testing-Y-Seguridad\api\src\components\AboutMe\index.ts">
        <metrics statements="22" coveredstatements="6" conditionals="0" coveredconditionals="0" methods="4" coveredmethods="0"/>
        <line num="1" count="3" type="stmt"/>
        <line num="2" count="3" type="stmt"/>
        <line num="13" count="3" type="stmt"/>
        <line num="14" count="0" type="stmt"/>
        <line num="15" count="0" type="stmt"/>
        <line num="17" count="0" type="stmt"/>
        <line num="19" count="0" type="stmt"/>
        <line num="30" count="3" type="stmt"/>
        <line num="31" count="0" type="stmt"/>
        <line num="32" count="0" type="stmt"/>
        <line num="34" count="0" type="stmt"/>
        <line num="36" count="0" type="stmt"/>
        <line num="47" count="3" type="stmt"/>
        <line num="48" count="0" type="stmt"/>
        <line num="49" count="0" type="stmt"/>
        <line num="51" count="0" type="stmt"/>
        <line num="53" count="0" type="stmt"/>
        <line num="64" count="3" type="stmt"/>
        <line num="65" count="0" type="stmt"/>
        <line num="66" count="0" type="stmt"/>
        <line num="68" count="0" type="stmt"/>
        <line num="70" count="0" type="stmt"/>
      </file>
      <file name="model.ts" path="C:\Users\fabia\Documents\OBS_School\09 - Principios de Testing y Seguridad\Actividades\Repo_Proyecto-Testing-Y-Seguridad\api\src\components\AboutMe\model.ts">
        <metrics statements="4" coveredstatements="4" conditionals="0" coveredconditionals="0" methods="0" coveredmethods="0"/>
        <line num="1" count="3" type="stmt"/>
        <line num="2" count="3" type="stmt"/>
        <line num="32" count="3" type="stmt"/>
        <line num="46" count="3" type="stmt"/>
      </file>
      <file name="service.ts" path="C:\Users\fabia\Documents\OBS_School\09 - Principios de Testing y Seguridad\Actividades\Repo_Proyecto-Testing-Y-Seguridad\api\src\components\AboutMe\service.ts">
        <metrics statements="31" coveredstatements="5" conditionals="8" coveredconditionals="0" methods="4" coveredmethods="0"/>
        <line num="2" count="3" type="stmt"/>
        <line num="3" count="3" type="stmt"/>
        <line num="5" count="3" type="stmt"/>
        <line num="11" count="3" type="stmt"/>
        <line num="17" count="0" type="stmt"/>
        <line num="18" count="0" type="stmt"/>
        <line num="19" count="0" type="cond" truecount="0" falsecount="2"/>
        <line num="20" count="0" type="stmt"/>
        <line num="22" count="0" type="stmt"/>
        <line num="25" count="0" type="stmt"/>
        <line num="35" count="0" type="stmt"/>
        <line num="38" count="0" type="stmt"/>
        <line num="42" count="0" type="cond" truecount="0" falsecount="2"/>
        <line num="43" count="0" type="stmt"/>
        <line num="46" count="0" type="stmt"/>
        <line num="55" count="0" type="stmt"/>
        <line num="65" count="0" type="stmt"/>
        <line num="66" count="0" type="stmt"/>
        <line num="68" count="0" type="cond" truecount="0" falsecount="2"/>
        <line num="69" count="0" type="stmt"/>
        <line num="72" count="0" type="stmt"/>
        <line num="74" count="0" type="stmt"/>
        <line num="76" count="0" type="stmt"/>
        <line num="86" count="0" type="stmt"/>
        <line num="89" count="0" type="stmt"/>
        <line num="93" count="0" type="cond" truecount="0" falsecount="2"/>
        <line num="94" count="0" type="stmt"/>
        <line num="97" count="0" type="stmt"/>
        <line num="101" count="0" type="stmt"/>
        <line num="103" count="0" type="stmt"/>
        <line num="108" count="3" type="stmt"/>
      </file>
      <file name="validation.ts" path="C:\Users\fabia\Documents\OBS_School\09 - Principios de Testing y Seguridad\Actividades\Repo_Proyecto-Testing-Y-Seguridad\api\src\components\AboutMe\validation.ts">
        <metrics statements="9" coveredstatements="3" conditionals="0" coveredconditionals="0" methods="3" coveredmethods="0"/>
        <line num="1" count="3" type="stmt"/>
        <line num="2" count="3" type="stmt"/>
        <line num="17" count="0" type="stmt"/>
        <line num="25" count="0" type="stmt"/>
        <line num="36" count="0" type="stmt"/>
        <line num="40" count="0" type="stmt"/>
        <line num="51" count="0" type="stmt"/>
        <line num="55" count="0" type="stmt"/>
        <line num="59" count="3" type="stmt"/>
      </file>
    </package>
    <package name="src.components.Auth">
      <metrics statements="60" coveredstatements="16" conditionals="16" coveredconditionals="0" methods="7" coveredmethods="0"/>
      <file name="index.ts" path="C:\Users\fabia\Documents\OBS_School\09 - Principios de Testing y Seguridad\Actividades\Repo_Proyecto-Testing-Y-Seguridad\api\src\components\Auth\index.ts">
        <metrics statements="28" coveredstatements="9" conditionals="6" coveredconditionals="0" methods="3" coveredmethods="0"/>
        <line num="1" count="3" type="stmt"/>
        <line num="2" count="3" type="stmt"/>
        <line num="5" count="3" type="stmt"/>
        <line num="6" count="3" type="stmt"/>
        <line num="7" count="3" type="stmt"/>
        <line num="8" count="3" type="stmt"/>
        <line num="21" count="3" type="stmt"/>
        <line num="22" count="0" type="stmt"/>
        <line num="23" count="0" type="stmt"/>
        <line num="25" count="0" type="stmt"/>
        <line num="29" count="0" type="cond" truecount="0" falsecount="2"/>
        <line num="30" count="0" type="stmt"/>
        <line num="32" count="0" type="stmt"/>
        <line num="45" count="3" type="stmt"/>
        <line num="46" count="0" type="stmt"/>
        <line num="47" count="0" type="stmt"/>
        <line num="49" count="0" type="stmt"/>
        <line num="57" count="0" type="stmt"/>
        <line num="66" count="0" type="cond" truecount="0" falsecount="2"/>
        <line num="67" count="0" type="stmt"/>
        <line num="69" count="0" type="stmt"/>
        <line num="82" count="3" type="stmt"/>
        <line num="83" count="0" type="stmt"/>
        <line num="84" count="0" type="stmt"/>
        <line num="86" count="0" type="stmt"/>
        <line num="88" count="0" type="cond" truecount="0" falsecount="2"/>
        <line num="89" count="0" type="stmt"/>
        <line num="91" count="0" type="stmt"/>
      </file>
      <file name="service.ts" path="C:\Users\fabia\Documents\OBS_School\09 - Principios de Testing y Seguridad\Actividades\Repo_Proyecto-Testing-Y-Seguridad\api\src\components\Auth\service.ts">
        <metrics statements="25" coveredstatements="4" conditionals="10" coveredconditionals="0" methods="2" coveredmethods="0"/>
        <line num="2" count="3" type="stmt"/>
        <line num="3" count="3" type="stmt"/>
        <line num="11" count="3" type="stmt"/>
        <line num="18" count="0" type="stmt"/>
        <line num="19" count="0" type="stmt"/>
        <line num="21" count="0" type="cond" truecount="0" falsecount="2"/>
        <line num="22" count="0" type="stmt"/>
        <line num="25" count="0" type="stmt"/>
        <line num="30" count="0" type="stmt"/>
        <line num="34" count="0" type="cond" truecount="0" falsecount="2"/>
        <line num="35" count="0" type="stmt"/>
        <line num="38" count="0" type="stmt"/>
        <line num="40" count="0" type="stmt"/>
        <line num="42" count="0" type="stmt"/>
        <line num="51" count="0" type="stmt"/>
        <line num="52" count="0" type="stmt"/>
        <line num="54" count="0" type="cond" truecount="0" falsecount="2"/>
        <line num="55" count="0" type="stmt"/>
        <line num="58" count="0" type="stmt"/>
        <line num="60" count="0" type="cond" truecount="0" falsecount="2"/>
        <line num="62" count="0" type="cond" truecount="0" falsecount="2"/>
        <line num="63" count="0" type="stmt"/>
        <line num="66" count="0" type="stmt"/>
        <line num="68" count="0" type="stmt"/>
        <line num="73" count="3" type="stmt"/>
      </file>
      <file name="validation.ts" path="C:\Users\fabia\Documents\OBS_School\09 - Principios de Testing y Seguridad\Actividades\Repo_Proyecto-Testing-Y-Seguridad\api\src\components\Auth\validation.ts">
        <metrics statements="7" coveredstatements="3" conditionals="0" coveredconditionals="0" methods="2" coveredmethods="0"/>
        <line num="1" count="3" type="stmt"/>
        <line num="2" count="3" type="stmt"/>
        <line num="18" count="0" type="stmt"/>
        <line num="27" count="0" type="stmt"/>
        <line num="36" count="0" type="stmt"/>
        <line num="45" count="0" type="stmt"/>
        <line num="49" count="3" type="stmt"/>
      </file>
    </package>
    <package name="src.components.Projects">
      <metrics statements="91" coveredstatements="52" conditionals="58" coveredconditionals="18" methods="14" coveredmethods="7"/>
      <file name="index.ts" path="C:\Users\fabia\Documents\OBS_School\09 - Principios de Testing y Seguridad\Actividades\Repo_Proyecto-Testing-Y-Seguridad\api\src\components\Projects\index.ts">
        <metrics statements="34" coveredstatements="17" conditionals="14" coveredconditionals="1" methods="7" coveredmethods="3"/>
        <line num="2" count="3" type="stmt"/>
        <line num="3" count="3" type="stmt"/>
        <line num="8" count="2" type="cond" truecount="1" falsecount="1"/>
        <line num="9" count="2" type="stmt"/>
        <line num="12" count="0" type="cond" truecount="0" falsecount="6"/>
        <line num="13" count="0" type="stmt"/>
        <line num="16" count="0" type="cond" truecount="0" falsecount="6"/>
        <line num="19" count="3" type="stmt"/>
        <line num="20" count="0" type="stmt"/>
        <line num="21" count="0" type="stmt"/>
        <line num="23" count="0" type="stmt"/>
        <line num="25" count="0" type="stmt"/>
        <line num="29" count="3" type="stmt"/>
        <line num="30" count="2" type="stmt"/>
        <line num="31" count="2" type="stmt"/>
        <line num="33" count="1" type="stmt"/>
        <line num="35" count="1" type="stmt"/>
        <line num="39" count="3" type="stmt"/>
        <line num="40" count="2" type="stmt"/>
        <line num="41" count="2" type="stmt"/>
        <line num="43" count="1" type="stmt"/>
        <line num="45" count="1" type="stmt"/>
        <line num="49" count="3" type="stmt"/>
        <line num="50" count="0" type="stmt"/>
        <line num="51" count="0" type="stmt"/>
        <line num="52" count="0" type="stmt"/>
        <line num="53" count="0" type="stmt"/>
        <line num="55" count="0" type="stmt"/>
        <line num="57" count="0" type="stmt"/>
        <line num="61" count="3" type="stmt"/>
        <line num="62" count="0" type="stmt"/>
        <line num="63" count="0" type="stmt"/>
        <line num="65" count="0" type="stmt"/>
        <line num="67" count="0" type="stmt"/>
      </file>
      <file name="model.ts" path="C:\Users\fabia\Documents\OBS_School\09 - Principios de Testing y Seguridad\Actividades\Repo_Proyecto-Testing-Y-Seguridad\api\src\components\Projects\model.ts">
        <metrics statements="4" coveredstatements="4" conditionals="0" coveredconditionals="0" methods="0" coveredmethods="0"/>
        <line num="1" count="3" type="stmt"/>
        <line num="2" count="3" type="stmt"/>
        <line num="33" count="3" type="stmt"/>
        <line num="48" count="3" type="stmt"/>
      </file>
      <file name="service.ts" path="C:\Users\fabia\Documents\OBS_School\09 - Principios de Testing y Seguridad\Actividades\Repo_Proyecto-Testing-Y-Seguridad\api\src\components\Projects\service.ts">
        <metrics statements="44" coveredstatements="24" conditionals="44" coveredconditionals="17" methods="4" coveredmethods="2"/>
        <line num="3" count="3" type="stmt"/>
        <line num="4" count="3" type="stmt"/>
        <line num="6" count="3" type="stmt"/>
        <line num="7" count="3" type="stmt"/>
        <line num="13" count="3" type="stmt"/>
        <line num="15" count="0" type="stmt"/>
        <line num="16" count="0" type="stmt"/>
        <line num="23" count="0" type="stmt"/>
        <line num="28" count="2" type="stmt"/>
        <line num="29" count="2" type="stmt"/>
        <line num="31" count="2" type="cond" truecount="1" falsecount="1"/>
        <line num="32" count="0" type="stmt"/>
        <line num="35" count="2" type="stmt"/>
        <line num="44" count="2" type="cond" truecount="2" falsecount="0"/>
        <line num="45" count="1" type="stmt"/>
        <line num="48" count="1" type="stmt"/>
        <line num="50" count="1" type="cond" truecount="1" falsecount="1"/>
        <line num="54" count="0" type="stmt"/>
        <line num="56" count="1" type="cond" truecount="1" falsecount="1"/>
        <line num="57" count="1" type="stmt"/>
        <line num="59" count="0" type="stmt"/>
        <line num="64" count="2" type="stmt"/>
        <line num="65" count="2" type="stmt"/>
        <line num="67" count="2" type="cond" truecount="2" falsecount="0"/>
        <line num="68" count="1" type="stmt"/>
        <line num="71" count="1" type="stmt"/>
        <line num="73" count="1" type="stmt"/>
        <line num="75" count="1" type="cond" truecount="1" falsecount="1"/>
        <line num="76" count="1" type="stmt"/>
        <line num="78" count="0" type="stmt"/>
        <line num="83" count="0" type="stmt"/>
        <line num="84" count="0" type="stmt"/>
        <line num="88" count="0" type="cond" truecount="0" falsecount="2"/>
        <line num="89" count="0" type="stmt"/>
        <line num="92" count="0" type="stmt"/>
        <line num="96" count="0" type="cond" truecount="0" falsecount="2"/>
        <line num="97" count="0" type="stmt"/>
        <line num="100" count="0" type="stmt"/>
        <line num="102" count="0" type="cond" truecount="0" falsecount="2"/>
        <line num="106" count="0" type="stmt"/>
        <line num="108" count="0" type="cond" truecount="0" falsecount="2"/>
        <line num="109" count="0" type="stmt"/>
        <line num="111" count="0" type="stmt"/>
        <line num="116" count="3" type="stmt"/>
      </file>
      <file name="validation.ts" path="C:\Users\fabia\Documents\OBS_School\09 - Principios de Testing y Seguridad\Actividades\Repo_Proyecto-Testing-Y-Seguridad\api\src\components\Projects\validation.ts">
        <metrics statements="9" coveredstatements="7" conditionals="0" coveredconditionals="0" methods="3" coveredmethods="2"/>
        <line num="1" count="3" type="stmt"/>
        <line num="2" count="3" type="stmt"/>
        <line num="17" count="2" type="stmt"/>
        <line num="26" count="2" type="stmt"/>
        <line num="37" count="2" type="stmt"/>
        <line num="41" count="2" type="stmt"/>
        <line num="52" count="0" type="stmt"/>
        <line num="56" count="0" type="stmt"/>
        <line num="60" count="3" type="stmt"/>
      </file>
    </package>
    <package name="src.components.User">
      <metrics statements="94" coveredstatements="81" conditionals="30" coveredconditionals="24" methods="13" coveredmethods="12"/>
      <file name="index.ts" path="C:\Users\fabia\Documents\OBS_School\09 - Principios de Testing y Seguridad\Actividades\Repo_Proyecto-Testing-Y-Seguridad\api\src\components\User\index.ts">
        <metrics statements="21" coveredstatements="20" conditionals="0" coveredconditionals="0" methods="4" coveredmethods="4"/>
        <line num="1" count="3" type="stmt"/>
        <line num="12" count="3" type="stmt"/>
        <line num="13" count="4" type="stmt"/>
        <line num="14" count="4" type="stmt"/>
        <line num="16" count="4" type="stmt"/>
        <line num="18" count="0" type="stmt"/>
        <line num="29" count="3" type="stmt"/>
        <line num="30" count="5" type="stmt"/>
        <line num="31" count="5" type="stmt"/>
        <line num="33" count="1" type="stmt"/>
        <line num="35" count="4" type="stmt"/>
        <line num="46" count="3" type="stmt"/>
        <line num="47" count="12" type="stmt"/>
        <line num="48" count="12" type="stmt"/>
        <line num="50" count="4" type="stmt"/>
        <line num="52" count="8" type="stmt"/>
        <line num="63" count="3" type="stmt"/>
        <line num="64" count="4" type="stmt"/>
        <line num="65" count="4" type="stmt"/>
        <line num="67" count="2" type="stmt"/>
        <line num="69" count="2" type="stmt"/>
      </file>
      <file name="model.ts" path="C:\Users\fabia\Documents\OBS_School\09 - Principios de Testing y Seguridad\Actividades\Repo_Proyecto-Testing-Y-Seguridad\api\src\components\User\model.ts">
        <metrics statements="18" coveredstatements="12" conditionals="2" coveredconditionals="1" methods="2" coveredmethods="1"/>
        <line num="1" count="3" type="stmt"/>
        <line num="2" count="3" type="stmt"/>
        <line num="3" count="3" type="stmt"/>
        <line num="36" count="3" type="stmt"/>
        <line num="56" count="14" type="cond" truecount="1" falsecount="1"/>
        <line num="57" count="0" type="stmt"/>
        <line num="60" count="14" type="stmt"/>
        <line num="61" count="14" type="stmt"/>
        <line num="63" count="14" type="stmt"/>
        <line num="65" count="14" type="stmt"/>
        <line num="66" count="14" type="stmt"/>
        <line num="68" count="0" type="stmt"/>
        <line num="75" count="3" type="stmt"/>
        <line num="76" count="0" type="stmt"/>
        <line num="77" count="0" type="stmt"/>
        <line num="79" count="0" type="stmt"/>
        <line num="81" count="0" type="stmt"/>
        <line num="85" count="3" type="stmt"/>
      </file>
      <file name="service.ts" path="C:\Users\fabia\Documents\OBS_School\09 - Principios de Testing y Seguridad\Actividades\Repo_Proyecto-Testing-Y-Seguridad\api\src\components\User\service.ts">
        <metrics statements="46" coveredstatements="40" conditionals="28" coveredconditionals="23" methods="4" coveredmethods="4"/>
        <line num="2" count="3" type="stmt"/>
        <line num="3" count="3" type="stmt"/>
        <line num="5" count="3" type="stmt"/>
        <line num="6" count="3" type="stmt"/>
        <line num="12" count="3" type="stmt"/>
        <line num="18" count="4" type="stmt"/>
        <line num="19" count="4" type="stmt"/>
        <line num="21" count="0" type="stmt"/>
        <line num="31" count="5" type="stmt"/>
        <line num="34" count="5" type="stmt"/>
        <line num="38" count="4" type="cond" truecount="1" falsecount="1"/>
        <line num="39" count="0" type="stmt"/>
        <line num="42" count="4" type="stmt"/>
        <line num="51" count="4" type="cond" truecount="2" falsecount="0"/>
        <line num="52" count="3" type="stmt"/>
        <line num="55" count="1" type="stmt"/>
        <line num="57" count="4" type="cond" truecount="4" falsecount="0"/>
        <line num="58" count="1" type="stmt"/>
        <line num="60" count="3" type="cond" truecount="1" falsecount="1"/>
        <line num="61" count="3" type="stmt"/>
        <line num="63" count="0" type="stmt"/>
        <line num="73" count="12" type="stmt"/>
        <line num="74" count="12" type="stmt"/>
        <line num="76" count="12" type="cond" truecount="2" falsecount="0"/>
        <line num="77" count="7" type="stmt"/>
        <line num="80" count="5" type="stmt"/>
        <line num="82" count="4" type="stmt"/>
        <line num="84" count="8" type="cond" truecount="4" falsecount="0"/>
        <line num="85" count="1" type="stmt"/>
        <line num="87" count="7" type="cond" truecount="1" falsecount="1"/>
        <line num="88" count="7" type="stmt"/>
        <line num="90" count="0" type="stmt"/>
        <line num="100" count="4" type="stmt"/>
        <line num="103" count="4" type="stmt"/>
        <line num="107" count="3" type="cond" truecount="1" falsecount="1"/>
        <line num="108" count="0" type="stmt"/>
        <line num="111" count="3" type="stmt"/>
        <line num="115" count="3" type="cond" truecount="2" falsecount="0"/>
        <line num="116" count="1" type="stmt"/>
        <line num="119" count="2" type="stmt"/>
        <line num="121" count="2" type="cond" truecount="4" falsecount="0"/>
        <line num="122" count="1" type="stmt"/>
        <line num="124" count="1" type="cond" truecount="1" falsecount="1"/>
        <line num="125" count="1" type="stmt"/>
        <line num="127" count="0" type="stmt"/>
        <line num="132" count="3" type="stmt"/>
      </file>
      <file name="validation.ts" path="C:\Users\fabia\Documents\OBS_School\09 - Principios de Testing y Seguridad\Actividades\Repo_Proyecto-Testing-Y-Seguridad\api\src\components\User\validation.ts">
        <metrics statements="9" coveredstatements="9" conditionals="0" coveredconditionals="0" methods="3" coveredmethods="3"/>
        <line num="1" count="3" type="stmt"/>
        <line num="2" count="3" type="stmt"/>
        <line num="17" count="12" type="stmt"/>
        <line num="26" count="12" type="stmt"/>
        <line num="37" count="5" type="stmt"/>
        <line num="41" count="5" type="stmt"/>
        <line num="52" count="4" type="stmt"/>
        <line num="56" count="4" type="stmt"/>
        <line num="60" count="3" type="stmt"/>
      </file>
    </package>
    <package name="src.config.connection">
      <metrics statements="22" coveredstatements="16" conditionals="0" coveredconditionals="0" methods="8" coveredmethods="3"/>
      <file name="connection.ts" path="C:\Users\fabia\Documents\OBS_School\09 - Principios de Testing y Seguridad\Actividades\Repo_Proyecto-Testing-Y-Seguridad\api\src\config\connection\connection.ts">
        <metrics statements="22" coveredstatements="16" conditionals="0" coveredconditionals="0" methods="8" coveredmethods="3"/>
        <line num="1" count="3" type="stmt"/>
        <line num="2" count="3" type="stmt"/>
        <line num="3" count="3" type="stmt"/>
        <line num="5" count="3" type="stmt"/>
        <line num="7" count="3" type="stmt"/>
        <line num="10" count="3" type="stmt"/>
        <line num="11" count="0" type="stmt"/>
        <line num="14" count="3" type="stmt"/>
        <line num="15" count="0" type="stmt"/>
        <line num="16" count="0" type="stmt"/>
        <line num="19" count="3" type="stmt"/>
        <line num="20" count="3" type="stmt"/>
        <line num="23" count="3" type="stmt"/>
        <line num="24" count="3" type="stmt"/>
        <line num="27" count="3" type="stmt"/>
        <line num="28" count="0" type="stmt"/>
        <line num="31" count="3" type="stmt"/>
        <line num="32" count="0" type="stmt"/>
        <line num="35" count="3" type="stmt"/>
        <line num="36" count="3" type="stmt"/>
        <line num="39" count="3" type="stmt"/>
        <line num="40" count="0" type="stmt"/>
      </file>
    </package>
    <package name="src.config.env">
      <metrics statements="8" coveredstatements="8" conditionals="26" coveredconditionals="13" methods="0" coveredmethods="0"/>
      <file name="index.ts" path="C:\Users\fabia\Documents\OBS_School\09 - Principios de Testing y Seguridad\Actividades\Repo_Proyecto-Testing-Y-Seguridad\api\src\config\env\index.ts">
        <metrics statements="8" coveredstatements="8" conditionals="26" coveredconditionals="13" methods="0" coveredmethods="0"/>
        <line num="1" count="3" type="stmt"/>
        <line num="3" count="3" type="stmt"/>
        <line num="14" count="3" type="cond" truecount="1" falsecount="1"/>
        <line num="16" count="3" type="stmt"/>
        <line num="25" count="3" type="stmt"/>
        <line num="34" count="3" type="stmt"/>
        <line num="45" count="3" type="stmt"/>
        <line num="51" count="3" type="stmt"/>
      </file>
    </package>
    <package name="src.config.error">
      <metrics statements="19" coveredstatements="15" conditionals="16" coveredconditionals="9" methods="4" coveredmethods="3"/>
      <file name="index.ts" path="C:\Users\fabia\Documents\OBS_School\09 - Principios de Testing y Seguridad\Actividades\Repo_Proyecto-Testing-Y-Seguridad\api\src\config\error\index.ts">
        <metrics statements="8" coveredstatements="8" conditionals="5" coveredconditionals="2" methods="1" coveredmethods="1"/>
        <line num="1" count="3" type="stmt"/>
        <line num="8" count="3" type="stmt"/>
        <line num="22" count="16" type="stmt"/>
        <line num="24" count="16" type="stmt"/>
        <line num="26" count="16" type="cond" truecount="1" falsecount="1"/>
        <line num="27" count="16" type="stmt"/>
        <line num="28" count="16" type="cond" truecount="1" falsecount="2"/>
        <line num="32" count="3" type="stmt"/>
      </file>
      <file name="sendHttpError.ts" path="C:\Users\fabia\Documents\OBS_School\09 - Principios de Testing y Seguridad\Actividades\Repo_Proyecto-Testing-Y-Seguridad\api\src\config\error\sendHttpError.ts">
        <metrics statements="11" coveredstatements="7" conditionals="11" coveredconditionals="7" methods="3" coveredmethods="2"/>
        <line num="29" count="3" type="stmt"/>
        <line num="30" count="29" type="stmt"/>
        <line num="31" count="16" type="stmt"/>
        <line num="38" count="16" type="cond" truecount="1" falsecount="1"/>
        <line num="44" count="16" type="stmt"/>
        <line num="50" count="0" type="stmt"/>
        <line num="54" count="29" type="stmt"/>
        <line num="63" count="3" type="stmt"/>
        <line num="64" count="0" type="cond" truecount="0" falsecount="2"/>
        <line num="65" count="0" type="stmt"/>
        <line num="74" count="0" type="stmt"/>
      </file>
    </package>
    <package name="src.config.middleware">
      <metrics statements="44" coveredstatements="23" conditionals="12" coveredconditionals="3" methods="4" coveredmethods="3"/>
      <file name="jwtAuth.ts" path="C:\Users\fabia\Documents\OBS_School\09 - Principios de Testing y Seguridad\Actividades\Repo_Proyecto-Testing-Y-Seguridad\api\src\config\middleware\jwtAuth.ts">
        <metrics statements="14" coveredstatements="0" conditionals="4" coveredconditionals="0" methods="1" coveredmethods="0"/>
        <line num="1" count="0" type="stmt"/>
        <line num="2" count="0" type="stmt"/>
        <line num="4" count="0" type="stmt"/>
        <line num="5" count="0" type="stmt"/>
        <line num="6" count="0" type="stmt"/>
        <line num="26" count="0" type="stmt"/>
        <line num="28" count="0" type="stmt"/>
        <line num="30" count="0" type="cond" truecount="0" falsecount="4"/>
        <line num="31" count="0" type="stmt"/>
        <line num="32" count="0" type="stmt"/>
        <line num="34" count="0" type="stmt"/>
        <line num="36" count="0" type="stmt"/>
        <line num="38" count="0" type="stmt"/>
        <line num="44" count="0" type="stmt"/>
      </file>
      <file name="middleware.ts" path="C:\Users\fabia\Documents\OBS_School\09 - Principios de Testing y Seguridad\Actividades\Repo_Proyecto-Testing-Y-Seguridad\api\src\config\middleware\middleware.ts">
        <metrics statements="30" coveredstatements="23" conditionals="8" coveredconditionals="3" methods="3" coveredmethods="3"/>
        <line num="1" count="3" type="stmt"/>
        <line num="2" count="3" type="stmt"/>
        <line num="3" count="3" type="stmt"/>
        <line num="4" count="3" type="stmt"/>
        <line num="5" count="3" type="stmt"/>
        <line num="7" count="3" type="stmt"/>
        <line num="8" count="3" type="stmt"/>
        <line num="9" count="3" type="stmt"/>
        <line num="10" count="3" type="stmt"/>
        <line num="17" count="3" type="stmt"/>
        <line num="19" count="3" type="stmt"/>
        <line num="24" count="3" type="stmt"/>
        <line num="26" count="3" type="stmt"/>
        <line num="28" count="3" type="stmt"/>
        <line num="30" count="3" type="stmt"/>
        <line num="32" count="3" type="stmt"/>
        <line num="40" count="3" type="stmt"/>
        <line num="51" count="3" type="stmt"/>
        <line num="52" count="3" type="stmt"/>
        <line num="53" count="16" type="cond" truecount="1" falsecount="1"/>
        <line num="54" count="0" type="stmt"/>
        <line num="57" count="16" type="cond" truecount="1" falsecount="1"/>
        <line num="58" count="16" type="stmt"/>
        <line num="60" count="0" type="cond" truecount="0" falsecount="2"/>
        <line num="61" count="0" type="stmt"/>
        <line num="62" count="0" type="stmt"/>
        <line num="64" count="0" type="stmt"/>
        <line num="65" count="0" type="stmt"/>
        <line num="69" count="16" type="cond" truecount="1" falsecount="1"/>
        <line num="70" count="0" type="stmt"/>
      </file>
    </package>
    <package name="src.config.server">
      <metrics statements="34" coveredstatements="10" conditionals="13" coveredconditionals="2" methods="3" coveredmethods="0"/>
      <file name="index.ts" path="C:\Users\fabia\Documents\OBS_School\09 - Principios de Testing y Seguridad\Actividades\Repo_Proyecto-Testing-Y-Seguridad\api\src\config\server\index.ts">
        <metrics statements="7" coveredstatements="0" conditionals="0" coveredconditionals="0" methods="1" coveredmethods="0"/>
        <line num="1" count="0" type="stmt"/>
        <line num="2" count="0" type="stmt"/>
        <line num="3" count="0" type="stmt"/>
        <line num="5" count="0" type="stmt"/>
        <line num="10" count="0" type="stmt"/>
        <line num="15" count="0" type="stmt"/>
        <line num="16" count="0" type="stmt"/>
      </file>
      <file name="server.ts" path="C:\Users\fabia\Documents\OBS_School\09 - Principios de Testing y Seguridad\Actividades\Repo_Proyecto-Testing-Y-Seguridad\api\src\config\server\server.ts">
        <metrics statements="10" coveredstatements="10" conditionals="4" coveredconditionals="2" methods="0" coveredmethods="0"/>
        <line num="1" count="3" type="stmt"/>
        <line num="2" count="3" type="stmt"/>
        <line num="3" count="3" type="stmt"/>
        <line num="8" count="3" type="stmt"/>
        <line num="13" count="3" type="stmt"/>
        <line num="18" count="3" type="stmt"/>
        <line num="23" count="3" type="stmt"/>
        <line num="28" count="3" type="cond" truecount="1" falsecount="1"/>
        <line num="33" count="3" type="cond" truecount="1" falsecount="1"/>
        <line num="38" count="3" type="stmt"/>
      </file>
      <file name="serverHandlers.ts" path="C:\Users\fabia\Documents\OBS_School\09 - Principios de Testing y Seguridad\Actividades\Repo_Proyecto-Testing-Y-Seguridad\api\src\config\server\serverHandlers.ts">
        <metrics statements="17" coveredstatements="0" conditionals="9" coveredconditionals="0" methods="2" coveredmethods="0"/>
        <line num="1" count="0" type="stmt"/>
        <line num="9" count="0" type="stmt"/>
        <line num="10" count="0" type="cond" truecount="0" falsecount="2"/>
        <line num="11" count="0" type="stmt"/>
        <line num="14" count="0" type="cond" truecount="0" falsecount="2"/>
        <line num="16" count="0" type="cond" truecount="0" falsecount="3"/>
        <line num="18" count="0" type="stmt"/>
        <line num="19" count="0" type="stmt"/>
        <line num="21" count="0" type="stmt"/>
        <line num="23" count="0" type="stmt"/>
        <line num="24" count="0" type="stmt"/>
        <line num="26" count="0" type="stmt"/>
        <line num="28" count="0" type="stmt"/>
        <line num="35" count="0" type="stmt"/>
        <line num="36" count="0" type="stmt"/>
        <line num="37" count="0" type="cond" truecount="0" falsecount="2"/>
        <line num="39" count="0" type="stmt"/>
      </file>
    </package>
    <package name="src.routes">
      <metrics statements="55" coveredstatements="49" conditionals="2" coveredconditionals="1" methods="2" coveredmethods="1"/>
      <file name="AboutMeRouter.ts" path="C:\Users\fabia\Documents\OBS_School\09 - Principios de Testing y Seguridad\Actividades\Repo_Proyecto-Testing-Y-Seguridad\api\src\routes\AboutMeRouter.ts">
        <metrics statements="5" coveredstatements="5" conditionals="0" coveredconditionals="0" methods="0" coveredmethods="0"/>
        <line num="1" count="3" type="stmt"/>
        <line num="2" count="3" type="stmt"/>
        <line num="7" count="3" type="stmt"/>
        <line num="9" count="3" type="stmt"/>
        <line num="14" count="3" type="stmt"/>
      </file>
      <file name="AuthRouter.ts" path="C:\Users\fabia\Documents\OBS_School\09 - Principios de Testing y Seguridad\Actividades\Repo_Proyecto-Testing-Y-Seguridad\api\src\routes\AuthRouter.ts">
        <metrics statements="5" coveredstatements="5" conditionals="0" coveredconditionals="0" methods="0" coveredmethods="0"/>
        <line num="1" count="3" type="stmt"/>
        <line num="2" count="3" type="stmt"/>
        <line num="7" count="3" type="stmt"/>
        <line num="9" count="3" type="stmt"/>
        <line num="15" count="3" type="stmt"/>
      </file>
      <file name="ProjectsRouter.ts" path="C:\Users\fabia\Documents\OBS_School\09 - Principios de Testing y Seguridad\Actividades\Repo_Proyecto-Testing-Y-Seguridad\api\src\routes\ProjectsRouter.ts">
        <metrics statements="10" coveredstatements="10" conditionals="0" coveredconditionals="0" methods="0" coveredmethods="0"/>
        <line num="2" count="3" type="stmt"/>
        <line num="3" count="3" type="stmt"/>
        <line num="4" count="3" type="stmt"/>
        <line num="9" count="3" type="stmt"/>
        <line num="11" count="3" type="stmt"/>
        <line num="14" count="3" type="stmt"/>
        <line num="16" count="3" type="stmt"/>
        <line num="18" count="3" type="stmt"/>
        <line num="20" count="3" type="stmt"/>
        <line num="25" count="3" type="stmt"/>
      </file>
      <file name="UserRouter.ts" path="C:\Users\fabia\Documents\OBS_School\09 - Principios de Testing y Seguridad\Actividades\Repo_Proyecto-Testing-Y-Seguridad\api\src\routes\UserRouter.ts">
        <metrics statements="8" coveredstatements="8" conditionals="0" coveredconditionals="0" methods="0" coveredmethods="0"/>
        <line num="1" count="3" type="stmt"/>
        <line num="2" count="3" type="stmt"/>
        <line num="7" count="3" type="stmt"/>
        <line num="9" count="3" type="stmt"/>
        <line num="11" count="3" type="stmt"/>
        <line num="13" count="3" type="stmt"/>
        <line num="15" count="3" type="stmt"/>
        <line num="20" count="3" type="stmt"/>
      </file>
      <file name="index.ts" path="C:\Users\fabia\Documents\OBS_School\09 - Principios de Testing y Seguridad\Actividades\Repo_Proyecto-Testing-Y-Seguridad\api\src\routes\index.ts">
        <metrics statements="27" coveredstatements="21" conditionals="2" coveredconditionals="1" methods="2" coveredmethods="1"/>
        <line num="2" count="3" type="stmt"/>
        <line num="3" count="3" type="stmt"/>
        <line num="4" count="3" type="stmt"/>
        <line num="5" count="3" type="stmt"/>
        <line num="6" count="3" type="stmt"/>
        <line num="7" count="3" type="stmt"/>
        <line num="8" count="3" type="stmt"/>
        <line num="9" count="3" type="stmt"/>
        <line num="17" count="3" type="stmt"/>
        <line num="18" count="3" type="stmt"/>
        <line num="20" count="0" type="stmt"/>
        <line num="21" count="0" type="stmt"/>
        <line num="22" count="0" type="stmt"/>
        <line num="23" count="0" type="stmt"/>
        <line num="24" count="0" type="stmt"/>
        <line num="31" count="3" type="stmt"/>
        <line num="32" count="3" type="stmt"/>
        <line num="40" count="3" type="stmt"/>
        <line num="48" count="3" type="stmt"/>
        <line num="56" count="3" type="stmt"/>
        <line num="62" count="3" type="stmt"/>
        <line num="70" count="3" type="cond" truecount="1" falsecount="1"/>
        <line num="71" count="3" type="stmt"/>
        <line num="72" count="3" type="stmt"/>
        <line num="79" count="3" type="stmt"/>
        <line num="80" count="0" type="stmt"/>
        <line num="86" count="3" type="stmt"/>
      </file>
    </package>
    <package name="src.utils">
      <metrics statements="3" coveredstatements="3" conditionals="0" coveredconditionals="0" methods="0" coveredmethods="0"/>
      <file name="Logger.ts" path="C:\Users\fabia\Documents\OBS_School\09 - Principios de Testing y Seguridad\Actividades\Repo_Proyecto-Testing-Y-Seguridad\api\src\utils\Logger.ts">
        <metrics statements="3" coveredstatements="3" conditionals="0" coveredconditionals="0" methods="0" coveredmethods="0"/>
        <line num="1" count="3" type="stmt"/>
        <line num="3" count="3" type="stmt"/>
        <line num="8" count="3" type="stmt"/>
      </file>
    </package>
  </project>
</coverage>
