{"D:\\Dev\\Proyecto-Testing-Y-Seguridad-Master\\api\\src\\index.ts": {"path":"D:\\Dev\\Proyecto-Testing-Y-Seguridad-Master\\api\\src\\index.ts","statementMap":{"0":{"start":{"line":1,"column":0},"end":{"line":1,"column":38}},"1":{"start":{"line":2,"column":0},"end":{"line":4,"column":3}},"2":{"start":{"line":6,"column":0},"end":{"line":6,"column":25}}},"fnMap":{},"branchMap":{},"s":{"0":0,"1":0,"2":0},"f":{},"b":{}}
,"D:\\Dev\\Proyecto-Testing-Y-Seguridad-Master\\api\\src\\components\\index.ts": {"path":"D:\\Dev\\Proyecto-Testing-Y-Seguridad-Master\\api\\src\\components\\index.ts","statementMap":{"0":{"start":{"line":1,"column":0},"end":{"line":1,"column":40}},"1":{"start":{"line":6,"column":9},"end":{"line":6,"column":22}},"2":{"start":{"line":2,"column":0},"end":{"line":2,"column":40}},"3":{"start":{"line":6,"column":24},"end":{"line":6,"column":37}},"4":{"start":{"line":3,"column":0},"end":{"line":3,"column":46}},"5":{"start":{"line":6,"column":39},"end":{"line":6,"column":55}},"6":{"start":{"line":4,"column":0},"end":{"line":4,"column":48}},"7":{"start":{"line":6,"column":57},"end":{"line":6,"column":74}}},"fnMap":{},"branchMap":{},"s":{"0":2,"1":2,"2":2,"3":2,"4":2,"5":2,"6":2,"7":2},"f":{},"b":{}}
,"D:\\Dev\\Proyecto-Testing-Y-Seguridad-Master\\api\\src\\components\\validation.ts": {"path":"D:\\Dev\\Proyecto-Testing-Y-Seguridad-Master\\api\\src\\components\\validation.ts","statementMap":{"0":{"start":{"line":1,"column":0},"end":{"line":1,"column":22}},"1":{"start":{"line":2,"column":0},"end":{"line":2,"column":33}},"2":{"start":{"line":17,"column":11},"end":{"line":18,"column":94}},"3":{"start":{"line":25,"column":4},"end":{"line":39,"column":8}},"4":{"start":{"line":25,"column":55},"end":{"line":39,"column":6}},"5":{"start":{"line":32,"column":8},"end":{"line":37,"column":null}},"6":{"start":{"line":33,"column":10},"end":{"line":36,"column":12}},"7":{"start":{"line":43,"column":0},"end":{"line":43,"column":26}}},"fnMap":{"0":{"name":"(anonymous_1)","decl":{"start":{"line":24,"column":2},"end":{"line":24,"column":null}},"loc":{"start":{"line":24,"column":2},"end":{"line":40,"column":3}}},"1":{"name":"(anonymous_2)","decl":{"start":{"line":25,"column":32},"end":{"line":25,"column":33}},"loc":{"start":{"line":25,"column":55},"end":{"line":39,"column":6}}},"2":{"name":"(anonymous_3)","decl":{"start":{"line":31,"column":6},"end":{"line":31,"column":14}},"loc":{"start":{"line":31,"column":47},"end":{"line":38,"column":7}}}},"branchMap":{"0":{"loc":{"start":{"line":32,"column":8},"end":{"line":37,"column":null}},"type":"if","locations":[{"start":{"line":32,"column":8},"end":{"line":37,"column":null}},{"start":{},"end":{}}]}},"s":{"0":2,"1":2,"2":8,"3":8,"4":8,"5":12,"6":3,"7":2},"f":{"0":8,"1":8,"2":12},"b":{"0":[3,9]}}
,"D:\\Dev\\Proyecto-Testing-Y-Seguridad-Master\\api\\src\\components\\AboutMe\\index.ts": {"path":"D:\\Dev\\Proyecto-Testing-Y-Seguridad-Master\\api\\src\\components\\AboutMe\\index.ts","statementMap":{"0":{"start":{"line":1,"column":0},"end":{"line":1,"column":39}},"1":{"start":{"line":2,"column":0},"end":{"line":2,"column":43}},"2":{"start":{"line":14,"column":2},"end":{"line":20,"column":null}},"3":{"start":{"line":15,"column":40},"end":{"line":15,"column":70}},"4":{"start":{"line":17,"column":4},"end":{"line":17,"column":39}},"5":{"start":{"line":19,"column":4},"end":{"line":19,"column":61}},"6":{"start":{"line":13,"column":0},"end":{"line":13,"column":22}},"7":{"start":{"line":31,"column":2},"end":{"line":37,"column":null}},"8":{"start":{"line":32,"column":35},"end":{"line":32,"column":79}},"9":{"start":{"line":34,"column":4},"end":{"line":34,"column":34}},"10":{"start":{"line":36,"column":4},"end":{"line":36,"column":61}},"11":{"start":{"line":30,"column":0},"end":{"line":30,"column":22}},"12":{"start":{"line":48,"column":2},"end":{"line":54,"column":null}},"13":{"start":{"line":49,"column":35},"end":{"line":49,"column":72}},"14":{"start":{"line":51,"column":4},"end":{"line":51,"column":34}},"15":{"start":{"line":53,"column":4},"end":{"line":53,"column":61}},"16":{"start":{"line":47,"column":0},"end":{"line":47,"column":22}},"17":{"start":{"line":65,"column":2},"end":{"line":71,"column":null}},"18":{"start":{"line":66,"column":35},"end":{"line":66,"column":77}},"19":{"start":{"line":68,"column":4},"end":{"line":68,"column":34}},"20":{"start":{"line":70,"column":4},"end":{"line":70,"column":61}},"21":{"start":{"line":64,"column":0},"end":{"line":64,"column":22}}},"fnMap":{"0":{"name":"findAll","decl":{"start":{"line":13,"column":22},"end":{"line":13,"column":29}},"loc":{"start":{"line":13,"column":77},"end":{"line":21,"column":null}}},"1":{"name":"findOne","decl":{"start":{"line":30,"column":22},"end":{"line":30,"column":29}},"loc":{"start":{"line":30,"column":77},"end":{"line":38,"column":null}}},"2":{"name":"create","decl":{"start":{"line":47,"column":22},"end":{"line":47,"column":28}},"loc":{"start":{"line":47,"column":76},"end":{"line":55,"column":null}}},"3":{"name":"remove","decl":{"start":{"line":64,"column":22},"end":{"line":64,"column":28}},"loc":{"start":{"line":64,"column":76},"end":{"line":72,"column":null}}}},"branchMap":{},"s":{"0":2,"1":2,"2":0,"3":0,"4":0,"5":0,"6":2,"7":0,"8":0,"9":0,"10":0,"11":2,"12":0,"13":0,"14":0,"15":0,"16":2,"17":0,"18":0,"19":0,"20":0,"21":2},"f":{"0":0,"1":0,"2":0,"3":0},"b":{}}
,"D:\\Dev\\Proyecto-Testing-Y-Seguridad-Master\\api\\src\\components\\AboutMe\\model.ts": {"path":"D:\\Dev\\Proyecto-Testing-Y-Seguridad-Master\\api\\src\\components\\AboutMe\\model.ts","statementMap":{"0":{"start":{"line":1,"column":0},"end":{"line":1,"column":62}},"1":{"start":{"line":2,"column":0},"end":{"line":2,"column":44}},"2":{"start":{"line":32,"column":22},"end":{"line":43,"column":null}},"3":{"start":{"line":46,"column":0},"end":{"line":46,"column":82}}},"fnMap":{},"branchMap":{},"s":{"0":2,"1":2,"2":2,"3":2},"f":{},"b":{}}
,"D:\\Dev\\Proyecto-Testing-Y-Seguridad-Master\\api\\src\\components\\AboutMe\\service.ts": {"path":"D:\\Dev\\Proyecto-Testing-Y-Seguridad-Master\\api\\src\\components\\AboutMe\\service.ts","statementMap":{"0":{"start":{"line":2,"column":0},"end":{"line":2,"column":54}},"1":{"start":{"line":3,"column":0},"end":{"line":3,"column":45}},"2":{"start":{"line":5,"column":0},"end":{"line":5,"column":33}},"3":{"start":{"line":11,"column":40},"end":{"line":106,"column":2}},"4":{"start":{"line":17,"column":4},"end":{"line":26,"column":null}},"5":{"start":{"line":18,"column":21},"end":{"line":18,"column":48}},"6":{"start":{"line":19,"column":6},"end":{"line":23,"column":null}},"7":{"start":{"line":20,"column":8},"end":{"line":20,"column":25}},"8":{"start":{"line":22,"column":8},"end":{"line":22,"column":40}},"9":{"start":{"line":25,"column":6},"end":{"line":25,"column":37}},"10":{"start":{"line":35,"column":4},"end":{"line":56,"column":null}},"11":{"start":{"line":38,"column":11},"end":{"line":40,"column":8}},"12":{"start":{"line":42,"column":6},"end":{"line":44,"column":null}},"13":{"start":{"line":43,"column":8},"end":{"line":43,"column":48}},"14":{"start":{"line":46,"column":6},"end":{"line":53,"column":8}},"15":{"start":{"line":55,"column":6},"end":{"line":55,"column":37}},"16":{"start":{"line":65,"column":4},"end":{"line":77,"column":null}},"17":{"start":{"line":66,"column":60},"end":{"line":66,"column":97}},"18":{"start":{"line":68,"column":6},"end":{"line":70,"column":null}},"19":{"start":{"line":69,"column":8},"end":{"line":69,"column":48}},"20":{"start":{"line":72,"column":34},"end":{"line":72,"column":65}},"21":{"start":{"line":74,"column":6},"end":{"line":74,"column":18}},"22":{"start":{"line":76,"column":6},"end":{"line":76,"column":37}},"23":{"start":{"line":86,"column":4},"end":{"line":104,"column":null}},"24":{"start":{"line":89,"column":11},"end":{"line":91,"column":8}},"25":{"start":{"line":93,"column":6},"end":{"line":95,"column":null}},"26":{"start":{"line":94,"column":8},"end":{"line":94,"column":48}},"27":{"start":{"line":97,"column":34},"end":{"line":99,"column":8}},"28":{"start":{"line":101,"column":6},"end":{"line":101,"column":18}},"29":{"start":{"line":103,"column":6},"end":{"line":103,"column":37}},"30":{"start":{"line":108,"column":0},"end":{"line":108,"column":30}}},"fnMap":{"0":{"name":"(anonymous_8)","decl":{"start":{"line":16,"column":8},"end":{"line":16,"column":15}},"loc":{"start":{"line":16,"column":15},"end":{"line":27,"column":null}}},"1":{"name":"(anonymous_10)","decl":{"start":{"line":34,"column":8},"end":{"line":34,"column":15}},"loc":{"start":{"line":34,"column":26},"end":{"line":57,"column":null}}},"2":{"name":"(anonymous_12)","decl":{"start":{"line":64,"column":8},"end":{"line":64,"column":14}},"loc":{"start":{"line":64,"column":34},"end":{"line":78,"column":null}}},"3":{"name":"(anonymous_14)","decl":{"start":{"line":85,"column":8},"end":{"line":85,"column":14}},"loc":{"start":{"line":85,"column":25},"end":{"line":105,"column":null}}}},"branchMap":{"0":{"loc":{"start":{"line":19,"column":6},"end":{"line":23,"column":null}},"type":"if","locations":[{"start":{"line":19,"column":6},"end":{"line":23,"column":null}},{"start":{"line":21,"column":13},"end":{"line":23,"column":null}}]},"1":{"loc":{"start":{"line":42,"column":6},"end":{"line":44,"column":null}},"type":"if","locations":[{"start":{"line":42,"column":6},"end":{"line":44,"column":null}},{"start":{},"end":{}}]},"2":{"loc":{"start":{"line":68,"column":6},"end":{"line":70,"column":null}},"type":"if","locations":[{"start":{"line":68,"column":6},"end":{"line":70,"column":null}},{"start":{},"end":{}}]},"3":{"loc":{"start":{"line":93,"column":6},"end":{"line":95,"column":null}},"type":"if","locations":[{"start":{"line":93,"column":6},"end":{"line":95,"column":null}},{"start":{},"end":{}}]}},"s":{"0":2,"1":2,"2":2,"3":2,"4":0,"5":0,"6":0,"7":0,"8":0,"9":0,"10":0,"11":0,"12":0,"13":0,"14":0,"15":0,"16":0,"17":0,"18":0,"19":0,"20":0,"21":0,"22":0,"23":0,"24":0,"25":0,"26":0,"27":0,"28":0,"29":0,"30":2},"f":{"0":0,"1":0,"2":0,"3":0},"b":{"0":[0,0],"1":[0,0],"2":[0,0],"3":[0,0]}}
,"D:\\Dev\\Proyecto-Testing-Y-Seguridad-Master\\api\\src\\components\\AboutMe\\validation.ts": {"path":"D:\\Dev\\Proyecto-Testing-Y-Seguridad-Master\\api\\src\\components\\AboutMe\\validation.ts","statementMap":{"0":{"start":{"line":1,"column":0},"end":{"line":1,"column":22}},"1":{"start":{"line":2,"column":0},"end":{"line":2,"column":49}},"2":{"start":{"line":17,"column":37},"end":{"line":23,"column":6}},"3":{"start":{"line":25,"column":4},"end":{"line":25,"column":35}},"4":{"start":{"line":36,"column":37},"end":{"line":38,"column":6}},"5":{"start":{"line":40,"column":4},"end":{"line":40,"column":33}},"6":{"start":{"line":51,"column":37},"end":{"line":53,"column":6}},"7":{"start":{"line":55,"column":4},"end":{"line":55,"column":33}},"8":{"start":{"line":59,"column":0},"end":{"line":59,"column":39}}},"fnMap":{"0":{"name":"(anonymous_1)","decl":{"start":{"line":16,"column":2},"end":{"line":16,"column":15}},"loc":{"start":{"line":16,"column":37},"end":{"line":26,"column":3}}},"1":{"name":"(anonymous_2)","decl":{"start":{"line":33,"column":2},"end":{"line":33,"column":12}},"loc":{"start":{"line":33,"column":33},"end":{"line":41,"column":3}}},"2":{"name":"(anonymous_3)","decl":{"start":{"line":48,"column":2},"end":{"line":48,"column":15}},"loc":{"start":{"line":48,"column":36},"end":{"line":56,"column":3}}}},"branchMap":{},"s":{"0":2,"1":2,"2":0,"3":0,"4":0,"5":0,"6":0,"7":0,"8":2},"f":{"0":0,"1":0,"2":0},"b":{}}
,"D:\\Dev\\Proyecto-Testing-Y-Seguridad-Master\\api\\src\\components\\Auth\\index.ts": {"path":"D:\\Dev\\Proyecto-Testing-Y-Seguridad-Master\\api\\src\\components\\Auth\\index.ts","statementMap":{"0":{"start":{"line":1,"column":0},"end":{"line":1,"column":43}},"1":{"start":{"line":2,"column":0},"end":{"line":2,"column":31}},"2":{"start":{"line":5,"column":0},"end":{"line":5,"column":39}},"3":{"start":{"line":6,"column":0},"end":{"line":6,"column":36}},"4":{"start":{"line":7,"column":0},"end":{"line":7,"column":52}},"5":{"start":{"line":8,"column":0},"end":{"line":8,"column":41}},"6":{"start":{"line":22,"column":2},"end":{"line":35,"column":null}},"7":{"start":{"line":23,"column":4},"end":{"line":23,"column":43}},"8":{"start":{"line":25,"column":4},"end":{"line":27,"column":7}},"9":{"start":{"line":29,"column":4},"end":{"line":31,"column":null}},"10":{"start":{"line":30,"column":6},"end":{"line":30,"column":70}},"11":{"start":{"line":32,"column":4},"end":{"line":34,"column":7}},"12":{"start":{"line":21,"column":0},"end":{"line":21,"column":22}},"13":{"start":{"line":46,"column":2},"end":{"line":72,"column":null}},"14":{"start":{"line":47,"column":34},"end":{"line":47,"column":69}},"15":{"start":{"line":49,"column":26},"end":{"line":54,"column":null}},"16":{"start":{"line":57,"column":4},"end":{"line":64,"column":9}},"17":{"start":{"line":66,"column":4},"end":{"line":68,"column":null}},"18":{"start":{"line":67,"column":6},"end":{"line":67,"column":70}},"19":{"start":{"line":69,"column":4},"end":{"line":71,"column":7}},"20":{"start":{"line":45,"column":0},"end":{"line":45,"column":22}},"21":{"start":{"line":83,"column":2},"end":{"line":94,"column":null}},"22":{"start":{"line":84,"column":34},"end":{"line":84,"column":73}},"23":{"start":{"line":86,"column":4},"end":{"line":86,"column":50}},"24":{"start":{"line":88,"column":4},"end":{"line":90,"column":null}},"25":{"start":{"line":89,"column":6},"end":{"line":89,"column":70}},"26":{"start":{"line":91,"column":4},"end":{"line":93,"column":7}},"27":{"start":{"line":82,"column":0},"end":{"line":82,"column":22}}},"fnMap":{"0":{"name":"signup","decl":{"start":{"line":21,"column":22},"end":{"line":21,"column":28}},"loc":{"start":{"line":21,"column":76},"end":{"line":36,"column":null}}},"1":{"name":"login","decl":{"start":{"line":45,"column":22},"end":{"line":45,"column":27}},"loc":{"start":{"line":45,"column":75},"end":{"line":73,"column":null}}},"2":{"name":"user","decl":{"start":{"line":82,"column":22},"end":{"line":82,"column":26}},"loc":{"start":{"line":82,"column":82},"end":{"line":95,"column":null}}}},"branchMap":{"0":{"loc":{"start":{"line":29,"column":4},"end":{"line":31,"column":null}},"type":"if","locations":[{"start":{"line":29,"column":4},"end":{"line":31,"column":null}},{"start":{},"end":{}}]},"1":{"loc":{"start":{"line":66,"column":4},"end":{"line":68,"column":null}},"type":"if","locations":[{"start":{"line":66,"column":4},"end":{"line":68,"column":null}},{"start":{},"end":{}}]},"2":{"loc":{"start":{"line":88,"column":4},"end":{"line":90,"column":null}},"type":"if","locations":[{"start":{"line":88,"column":4},"end":{"line":90,"column":null}},{"start":{},"end":{}}]}},"s":{"0":2,"1":2,"2":2,"3":2,"4":2,"5":2,"6":0,"7":0,"8":0,"9":0,"10":0,"11":0,"12":2,"13":0,"14":0,"15":0,"16":0,"17":0,"18":0,"19":0,"20":2,"21":0,"22":0,"23":0,"24":0,"25":0,"26":0,"27":2},"f":{"0":0,"1":0,"2":0},"b":{"0":[0,0],"1":[0,0],"2":[0,0]}}
,"D:\\Dev\\Proyecto-Testing-Y-Seguridad-Master\\api\\src\\components\\Auth\\service.ts": {"path":"D:\\Dev\\Proyecto-Testing-Y-Seguridad-Master\\api\\src\\components\\Auth\\service.ts","statementMap":{"0":{"start":{"line":2,"column":0},"end":{"line":2,"column":42}},"1":{"start":{"line":3,"column":0},"end":{"line":3,"column":64}},"2":{"start":{"line":11,"column":34},"end":{"line":73,"column":2}},"3":{"start":{"line":18,"column":4},"end":{"line":43,"column":null}},"4":{"start":{"line":19,"column":57},"end":{"line":19,"column":88}},"5":{"start":{"line":21,"column":6},"end":{"line":23,"column":null}},"6":{"start":{"line":22,"column":8},"end":{"line":22,"column":48}},"7":{"start":{"line":25,"column":31},"end":{"line":28,"column":8}},"8":{"start":{"line":30,"column":32},"end":{"line":32,"column":8}},"9":{"start":{"line":34,"column":6},"end":{"line":36,"column":null}},"10":{"start":{"line":35,"column":8},"end":{"line":35,"column":53}},"11":{"start":{"line":38,"column":32},"end":{"line":38,"column":49}},"12":{"start":{"line":40,"column":6},"end":{"line":40,"column":19}},"13":{"start":{"line":42,"column":6},"end":{"line":42,"column":29}},"14":{"start":{"line":51,"column":4},"end":{"line":71,"column":null}},"15":{"start":{"line":52,"column":57},"end":{"line":52,"column":85}},"16":{"start":{"line":54,"column":6},"end":{"line":56,"column":null}},"17":{"start":{"line":55,"column":8},"end":{"line":55,"column":48}},"18":{"start":{"line":58,"column":31},"end":{"line":60,"column":8}},"19":{"start":{"line":62,"column":33},"end":{"line":62,"column":84}},"20":{"start":{"line":64,"column":6},"end":{"line":66,"column":null}},"21":{"start":{"line":65,"column":8},"end":{"line":65,"column":20}},"22":{"start":{"line":68,"column":6},"end":{"line":68,"column":51}},"23":{"start":{"line":70,"column":6},"end":{"line":70,"column":29}},"24":{"start":{"line":75,"column":0},"end":{"line":75,"column":27}}},"fnMap":{"0":{"name":"(anonymous_8)","decl":{"start":{"line":17,"column":8},"end":{"line":17,"column":18}},"loc":{"start":{"line":17,"column":55},"end":{"line":44,"column":null}}},"1":{"name":"(anonymous_10)","decl":{"start":{"line":50,"column":8},"end":{"line":50,"column":15}},"loc":{"start":{"line":50,"column":32},"end":{"line":72,"column":null}}}},"branchMap":{"0":{"loc":{"start":{"line":21,"column":6},"end":{"line":23,"column":null}},"type":"if","locations":[{"start":{"line":21,"column":6},"end":{"line":23,"column":null}},{"start":{},"end":{}}]},"1":{"loc":{"start":{"line":34,"column":6},"end":{"line":36,"column":null}},"type":"if","locations":[{"start":{"line":34,"column":6},"end":{"line":36,"column":null}},{"start":{},"end":{}}]},"2":{"loc":{"start":{"line":54,"column":6},"end":{"line":56,"column":null}},"type":"if","locations":[{"start":{"line":54,"column":6},"end":{"line":56,"column":null}},{"start":{},"end":{}}]},"3":{"loc":{"start":{"line":62,"column":33},"end":{"line":62,"column":84}},"type":"binary-expr","locations":[{"start":{"line":62,"column":33},"end":{"line":62,"column":37}},{"start":{"line":62,"column":42},"end":{"line":62,"column":83}}]},"4":{"loc":{"start":{"line":64,"column":6},"end":{"line":66,"column":null}},"type":"if","locations":[{"start":{"line":64,"column":6},"end":{"line":66,"column":null}},{"start":{},"end":{}}]}},"s":{"0":2,"1":2,"2":2,"3":0,"4":0,"5":0,"6":0,"7":0,"8":0,"9":0,"10":0,"11":0,"12":0,"13":0,"14":0,"15":0,"16":0,"17":0,"18":0,"19":0,"20":0,"21":0,"22":0,"23":0,"24":2},"f":{"0":0,"1":0},"b":{"0":[0,0],"1":[0,0],"2":[0,0],"3":[0,0],"4":[0,0]}}
,"D:\\Dev\\Proyecto-Testing-Y-Seguridad-Master\\api\\src\\components\\Auth\\validation.ts": {"path":"D:\\Dev\\Proyecto-Testing-Y-Seguridad-Master\\api\\src\\components\\Auth\\validation.ts","statementMap":{"0":{"start":{"line":1,"column":0},"end":{"line":1,"column":22}},"1":{"start":{"line":2,"column":0},"end":{"line":2,"column":49}},"2":{"start":{"line":18,"column":37},"end":{"line":25,"column":6}},"3":{"start":{"line":27,"column":4},"end":{"line":27,"column":35}},"4":{"start":{"line":36,"column":37},"end":{"line":43,"column":6}},"5":{"start":{"line":45,"column":4},"end":{"line":45,"column":35}},"6":{"start":{"line":49,"column":0},"end":{"line":49,"column":36}}},"fnMap":{"0":{"name":"(anonymous_1)","decl":{"start":{"line":17,"column":2},"end":{"line":17,"column":12}},"loc":{"start":{"line":17,"column":51},"end":{"line":28,"column":3}}},"1":{"name":"(anonymous_2)","decl":{"start":{"line":35,"column":2},"end":{"line":35,"column":9}},"loc":{"start":{"line":35,"column":28},"end":{"line":46,"column":3}}}},"branchMap":{},"s":{"0":2,"1":2,"2":0,"3":0,"4":0,"5":0,"6":2},"f":{"0":0,"1":0},"b":{}}
,"D:\\Dev\\Proyecto-Testing-Y-Seguridad-Master\\api\\src\\components\\Projects\\index.ts": {"path":"D:\\Dev\\Proyecto-Testing-Y-Seguridad-Master\\api\\src\\components\\Projects\\index.ts","statementMap":{"0":{"start":{"line":1,"column":0},"end":{"line":1,"column":40}},"1":{"start":{"line":2,"column":0},"end":{"line":2,"column":43}},"2":{"start":{"line":14,"column":2},"end":{"line":20,"column":null}},"3":{"start":{"line":15,"column":43},"end":{"line":15,"column":74}},"4":{"start":{"line":17,"column":4},"end":{"line":17,"column":81}},"5":{"start":{"line":17,"column":53},"end":{"line":17,"column":78}},"6":{"start":{"line":19,"column":4},"end":{"line":19,"column":61}},"7":{"start":{"line":13,"column":0},"end":{"line":13,"column":22}},"8":{"start":{"line":31,"column":2},"end":{"line":52,"column":null}},"9":{"start":{"line":32,"column":43},"end":{"line":32,"column":87}},"10":{"start":{"line":34,"column":4},"end":{"line":37,"column":null}},"11":{"start":{"line":35,"column":6},"end":{"line":35,"column":61}},"12":{"start":{"line":36,"column":6},"end":{"line":36,"column":13}},"13":{"start":{"line":39,"column":4},"end":{"line":39,"column":34}},"14":{"start":{"line":42,"column":4},"end":{"line":50,"column":null}},"15":{"start":{"line":48,"column":6},"end":{"line":48,"column":55}},"16":{"start":{"line":49,"column":6},"end":{"line":49,"column":13}},"17":{"start":{"line":51,"column":4},"end":{"line":51,"column":69}},"18":{"start":{"line":30,"column":0},"end":{"line":30,"column":22}},"19":{"start":{"line":63,"column":2},"end":{"line":74,"column":null}},"20":{"start":{"line":64,"column":36},"end":{"line":64,"column":74}},"21":{"start":{"line":66,"column":4},"end":{"line":66,"column":34}},"22":{"start":{"line":69,"column":4},"end":{"line":72,"column":null}},"23":{"start":{"line":70,"column":6},"end":{"line":70,"column":55}},"24":{"start":{"line":71,"column":6},"end":{"line":71,"column":13}},"25":{"start":{"line":73,"column":4},"end":{"line":73,"column":69}},"26":{"start":{"line":62,"column":0},"end":{"line":62,"column":22}},"27":{"start":{"line":85,"column":2},"end":{"line":93,"column":null}},"28":{"start":{"line":86,"column":4},"end":{"line":86,"column":47}},"29":{"start":{"line":87,"column":4},"end":{"line":87,"column":24}},"30":{"start":{"line":88,"column":36},"end":{"line":88,"column":74}},"31":{"start":{"line":90,"column":4},"end":{"line":90,"column":34}},"32":{"start":{"line":92,"column":4},"end":{"line":92,"column":61}},"33":{"start":{"line":84,"column":0},"end":{"line":84,"column":22}},"34":{"start":{"line":104,"column":2},"end":{"line":110,"column":null}},"35":{"start":{"line":105,"column":36},"end":{"line":105,"column":77}},"36":{"start":{"line":107,"column":4},"end":{"line":107,"column":34}},"37":{"start":{"line":109,"column":4},"end":{"line":109,"column":61}},"38":{"start":{"line":103,"column":0},"end":{"line":103,"column":22}}},"fnMap":{"0":{"name":"findAll","decl":{"start":{"line":13,"column":22},"end":{"line":13,"column":29}},"loc":{"start":{"line":13,"column":77},"end":{"line":21,"column":null}}},"1":{"name":"(anonymous_10)","decl":{"start":{"line":17,"column":43},"end":{"line":17,"column":44}},"loc":{"start":{"line":17,"column":53},"end":{"line":17,"column":78}}},"2":{"name":"findOne","decl":{"start":{"line":30,"column":22},"end":{"line":30,"column":29}},"loc":{"start":{"line":30,"column":77},"end":{"line":53,"column":null}}},"3":{"name":"create","decl":{"start":{"line":62,"column":22},"end":{"line":62,"column":28}},"loc":{"start":{"line":62,"column":76},"end":{"line":75,"column":null}}},"4":{"name":"update","decl":{"start":{"line":84,"column":22},"end":{"line":84,"column":28}},"loc":{"start":{"line":84,"column":76},"end":{"line":94,"column":null}}},"5":{"name":"remove","decl":{"start":{"line":103,"column":22},"end":{"line":103,"column":28}},"loc":{"start":{"line":103,"column":76},"end":{"line":111,"column":null}}}},"branchMap":{"0":{"loc":{"start":{"line":34,"column":4},"end":{"line":37,"column":null}},"type":"if","locations":[{"start":{"line":34,"column":4},"end":{"line":37,"column":null}},{"start":{},"end":{}}]},"1":{"loc":{"start":{"line":42,"column":4},"end":{"line":50,"column":null}},"type":"if","locations":[{"start":{"line":42,"column":4},"end":{"line":50,"column":null}},{"start":{},"end":{}}]},"2":{"loc":{"start":{"line":42,"column":8},"end":{"line":46,"column":null}},"type":"binary-expr","locations":[{"start":{"line":42,"column":8},"end":{"line":42,"column":21}},{"start":{"line":43,"column":6},"end":{"line":43,"column":47}},{"start":{"line":44,"column":6},"end":{"line":44,"column":46}},{"start":{"line":45,"column":6},"end":{"line":45,"column":40}},{"start":{"line":46,"column":6},"end":{"line":46,"column":49}}]},"3":{"loc":{"start":{"line":51,"column":23},"end":{"line":51,"column":51}},"type":"binary-expr","locations":[{"start":{"line":51,"column":23},"end":{"line":51,"column":44}},{"start":{"line":51,"column":48},"end":{"line":51,"column":51}}]},"4":{"loc":{"start":{"line":51,"column":23},"end":{"line":51,"column":44}},"type":"cond-expr","locations":[{"start":{"line":51,"column":36},"end":{"line":51,"column":38}},{"start":{"line":51,"column":36},"end":{"line":51,"column":44}}]},"5":{"loc":{"start":{"line":51,"column":23},"end":{"line":51,"column":38}},"type":"binary-expr","locations":[{"start":{"line":51,"column":23},"end":{"line":51,"column":38}},{"start":{"line":51,"column":36},"end":{"line":51,"column":38}}]},"6":{"loc":{"start":{"line":69,"column":4},"end":{"line":72,"column":null}},"type":"if","locations":[{"start":{"line":69,"column":4},"end":{"line":72,"column":null}},{"start":{},"end":{}}]},"7":{"loc":{"start":{"line":69,"column":8},"end":{"line":69,"column":101}},"type":"binary-expr","locations":[{"start":{"line":69,"column":8},"end":{"line":69,"column":21}},{"start":{"line":69,"column":26},"end":{"line":69,"column":63}},{"start":{"line":69,"column":67},"end":{"line":69,"column":100}}]},"8":{"loc":{"start":{"line":73,"column":23},"end":{"line":73,"column":51}},"type":"binary-expr","locations":[{"start":{"line":73,"column":23},"end":{"line":73,"column":44}},{"start":{"line":73,"column":48},"end":{"line":73,"column":51}}]},"9":{"loc":{"start":{"line":73,"column":23},"end":{"line":73,"column":44}},"type":"cond-expr","locations":[{"start":{"line":73,"column":36},"end":{"line":73,"column":38}},{"start":{"line":73,"column":36},"end":{"line":73,"column":44}}]},"10":{"loc":{"start":{"line":73,"column":23},"end":{"line":73,"column":38}},"type":"binary-expr","locations":[{"start":{"line":73,"column":23},"end":{"line":73,"column":38}},{"start":{"line":73,"column":36},"end":{"line":73,"column":38}}]}},"s":{"0":2,"1":2,"2":2,"3":2,"4":2,"5":1,"6":0,"7":2,"8":3,"9":3,"10":2,"11":1,"12":1,"13":1,"14":1,"15":1,"16":1,"17":0,"18":2,"19":3,"20":3,"21":2,"22":1,"23":1,"24":1,"25":0,"26":2,"27":1,"28":1,"29":1,"30":1,"31":1,"32":0,"33":2,"34":1,"35":1,"36":1,"37":0,"38":2},"f":{"0":2,"1":1,"2":3,"3":3,"4":1,"5":1},"b":{"0":[1,1],"1":[1,0],"2":[1,1,1,1,0],"3":[0,0],"4":[0,0],"5":[0,0],"6":[1,0],"7":[1,1,0],"8":[0,0],"9":[0,0],"10":[0,0]}}
,"D:\\Dev\\Proyecto-Testing-Y-Seguridad-Master\\api\\src\\components\\Projects\\model.ts": {"path":"D:\\Dev\\Proyecto-Testing-Y-Seguridad-Master\\api\\src\\components\\Projects\\model.ts","statementMap":{"0":{"start":{"line":1,"column":0},"end":{"line":1,"column":62}},"1":{"start":{"line":2,"column":0},"end":{"line":2,"column":44}},"2":{"start":{"line":33,"column":23},"end":{"line":45,"column":null}},"3":{"start":{"line":48,"column":0},"end":{"line":48,"column":85}}},"fnMap":{},"branchMap":{},"s":{"0":2,"1":2,"2":2,"3":2},"f":{},"b":{}}
,"D:\\Dev\\Proyecto-Testing-Y-Seguridad-Master\\api\\src\\components\\Projects\\service.ts": {"path":"D:\\Dev\\Proyecto-Testing-Y-Seguridad-Master\\api\\src\\components\\Projects\\service.ts","statementMap":{"0":{"start":{"line":2,"column":0},"end":{"line":2,"column":55}},"1":{"start":{"line":3,"column":0},"end":{"line":3,"column":46}},"2":{"start":{"line":5,"column":0},"end":{"line":5,"column":33}},"3":{"start":{"line":11,"column":42},"end":{"line":101,"column":2}},"4":{"start":{"line":17,"column":4},"end":{"line":21,"column":null}},"5":{"start":{"line":18,"column":6},"end":{"line":18,"column":41}},"6":{"start":{"line":20,"column":6},"end":{"line":20,"column":37}},"7":{"start":{"line":30,"column":4},"end":{"line":51,"column":null}},"8":{"start":{"line":33,"column":11},"end":{"line":35,"column":8}},"9":{"start":{"line":37,"column":6},"end":{"line":39,"column":null}},"10":{"start":{"line":38,"column":8},"end":{"line":38,"column":48}},"11":{"start":{"line":41,"column":6},"end":{"line":48,"column":8}},"12":{"start":{"line":50,"column":6},"end":{"line":50,"column":37}},"13":{"start":{"line":60,"column":4},"end":{"line":72,"column":null}},"14":{"start":{"line":61,"column":61},"end":{"line":61,"column":99}},"15":{"start":{"line":63,"column":6},"end":{"line":65,"column":null}},"16":{"start":{"line":64,"column":8},"end":{"line":64,"column":48}},"17":{"start":{"line":67,"column":38},"end":{"line":67,"column":69}},"18":{"start":{"line":69,"column":6},"end":{"line":69,"column":21}},"19":{"start":{"line":71,"column":6},"end":{"line":71,"column":37}},"20":{"start":{"line":81,"column":4},"end":{"line":99,"column":null}},"21":{"start":{"line":84,"column":11},"end":{"line":86,"column":8}},"22":{"start":{"line":88,"column":6},"end":{"line":90,"column":null}},"23":{"start":{"line":89,"column":8},"end":{"line":89,"column":48}},"24":{"start":{"line":92,"column":38},"end":{"line":94,"column":8}},"25":{"start":{"line":96,"column":6},"end":{"line":96,"column":21}},"26":{"start":{"line":98,"column":6},"end":{"line":98,"column":37}},"27":{"start":{"line":103,"column":0},"end":{"line":103,"column":31}}},"fnMap":{"0":{"name":"(anonymous_8)","decl":{"start":{"line":16,"column":8},"end":{"line":16,"column":15}},"loc":{"start":{"line":16,"column":15},"end":{"line":22,"column":null}}},"1":{"name":"(anonymous_10)","decl":{"start":{"line":29,"column":8},"end":{"line":29,"column":15}},"loc":{"start":{"line":29,"column":26},"end":{"line":52,"column":null}}},"2":{"name":"(anonymous_12)","decl":{"start":{"line":59,"column":8},"end":{"line":59,"column":14}},"loc":{"start":{"line":59,"column":35},"end":{"line":73,"column":null}}},"3":{"name":"(anonymous_14)","decl":{"start":{"line":80,"column":8},"end":{"line":80,"column":14}},"loc":{"start":{"line":80,"column":25},"end":{"line":100,"column":null}}}},"branchMap":{"0":{"loc":{"start":{"line":37,"column":6},"end":{"line":39,"column":null}},"type":"if","locations":[{"start":{"line":37,"column":6},"end":{"line":39,"column":null}},{"start":{},"end":{}}]},"1":{"loc":{"start":{"line":63,"column":6},"end":{"line":65,"column":null}},"type":"if","locations":[{"start":{"line":63,"column":6},"end":{"line":65,"column":null}},{"start":{},"end":{}}]},"2":{"loc":{"start":{"line":88,"column":6},"end":{"line":90,"column":null}},"type":"if","locations":[{"start":{"line":88,"column":6},"end":{"line":90,"column":null}},{"start":{},"end":{}}]}},"s":{"0":2,"1":2,"2":2,"3":2,"4":2,"5":2,"6":0,"7":3,"8":3,"9":2,"10":0,"11":2,"12":1,"13":4,"14":4,"15":4,"16":1,"17":3,"18":3,"19":1,"20":2,"21":2,"22":2,"23":0,"24":2,"25":2,"26":0,"27":2},"f":{"0":2,"1":3,"2":4,"3":2},"b":{"0":[0,2],"1":[1,3],"2":[0,2]}}
,"D:\\Dev\\Proyecto-Testing-Y-Seguridad-Master\\api\\src\\components\\Projects\\validation.ts": {"path":"D:\\Dev\\Proyecto-Testing-Y-Seguridad-Master\\api\\src\\components\\Projects\\validation.ts","statementMap":{"0":{"start":{"line":1,"column":0},"end":{"line":1,"column":22}},"1":{"start":{"line":2,"column":0},"end":{"line":2,"column":49}},"2":{"start":{"line":17,"column":37},"end":{"line":24,"column":6}},"3":{"start":{"line":26,"column":4},"end":{"line":26,"column":35}},"4":{"start":{"line":37,"column":37},"end":{"line":39,"column":6}},"5":{"start":{"line":41,"column":4},"end":{"line":41,"column":33}},"6":{"start":{"line":52,"column":37},"end":{"line":54,"column":6}},"7":{"start":{"line":56,"column":4},"end":{"line":56,"column":33}},"8":{"start":{"line":60,"column":0},"end":{"line":60,"column":40}}},"fnMap":{"0":{"name":"(anonymous_1)","decl":{"start":{"line":16,"column":2},"end":{"line":16,"column":15}},"loc":{"start":{"line":16,"column":38},"end":{"line":27,"column":3}}},"1":{"name":"(anonymous_2)","decl":{"start":{"line":34,"column":2},"end":{"line":34,"column":12}},"loc":{"start":{"line":34,"column":33},"end":{"line":42,"column":3}}},"2":{"name":"(anonymous_3)","decl":{"start":{"line":49,"column":2},"end":{"line":49,"column":15}},"loc":{"start":{"line":49,"column":36},"end":{"line":57,"column":3}}}},"branchMap":{},"s":{"0":2,"1":2,"2":4,"3":4,"4":3,"5":3,"6":2,"7":2,"8":2},"f":{"0":4,"1":3,"2":2},"b":{}}
,"D:\\Dev\\Proyecto-Testing-Y-Seguridad-Master\\api\\src\\components\\User\\index.ts": {"path":"D:\\Dev\\Proyecto-Testing-Y-Seguridad-Master\\api\\src\\components\\User\\index.ts","statementMap":{"0":{"start":{"line":1,"column":0},"end":{"line":1,"column":36}},"1":{"start":{"line":13,"column":2},"end":{"line":19,"column":null}},"2":{"start":{"line":14,"column":32},"end":{"line":14,"column":59}},"3":{"start":{"line":16,"column":4},"end":{"line":16,"column":32}},"4":{"start":{"line":18,"column":4},"end":{"line":18,"column":16}},"5":{"start":{"line":12,"column":0},"end":{"line":12,"column":22}},"6":{"start":{"line":30,"column":2},"end":{"line":36,"column":null}},"7":{"start":{"line":31,"column":29},"end":{"line":31,"column":69}},"8":{"start":{"line":33,"column":4},"end":{"line":33,"column":31}},"9":{"start":{"line":35,"column":4},"end":{"line":35,"column":16}},"10":{"start":{"line":29,"column":0},"end":{"line":29,"column":22}},"11":{"start":{"line":47,"column":2},"end":{"line":53,"column":null}},"12":{"start":{"line":48,"column":29},"end":{"line":48,"column":63}},"13":{"start":{"line":50,"column":4},"end":{"line":50,"column":31}},"14":{"start":{"line":52,"column":4},"end":{"line":52,"column":16}},"15":{"start":{"line":46,"column":0},"end":{"line":46,"column":22}},"16":{"start":{"line":64,"column":2},"end":{"line":70,"column":null}},"17":{"start":{"line":65,"column":29},"end":{"line":65,"column":68}},"18":{"start":{"line":67,"column":4},"end":{"line":67,"column":31}},"19":{"start":{"line":69,"column":4},"end":{"line":69,"column":16}},"20":{"start":{"line":63,"column":0},"end":{"line":63,"column":22}}},"fnMap":{"0":{"name":"findAll","decl":{"start":{"line":12,"column":22},"end":{"line":12,"column":29}},"loc":{"start":{"line":12,"column":77},"end":{"line":20,"column":null}}},"1":{"name":"findOne","decl":{"start":{"line":29,"column":22},"end":{"line":29,"column":29}},"loc":{"start":{"line":29,"column":77},"end":{"line":37,"column":null}}},"2":{"name":"create","decl":{"start":{"line":46,"column":22},"end":{"line":46,"column":28}},"loc":{"start":{"line":46,"column":76},"end":{"line":54,"column":null}}},"3":{"name":"remove","decl":{"start":{"line":63,"column":22},"end":{"line":63,"column":28}},"loc":{"start":{"line":63,"column":76},"end":{"line":71,"column":null}}}},"branchMap":{},"s":{"0":2,"1":3,"2":3,"3":3,"4":0,"5":2,"6":4,"7":4,"8":1,"9":3,"10":2,"11":6,"12":6,"13":2,"14":4,"15":2,"16":3,"17":3,"18":1,"19":2,"20":2},"f":{"0":3,"1":4,"2":6,"3":3},"b":{}}
,"D:\\Dev\\Proyecto-Testing-Y-Seguridad-Master\\api\\src\\components\\User\\model.ts": {"path":"D:\\Dev\\Proyecto-Testing-Y-Seguridad-Master\\api\\src\\components\\User\\model.ts","statementMap":{"0":{"start":{"line":1,"column":0},"end":{"line":1,"column":33}},"1":{"start":{"line":2,"column":0},"end":{"line":2,"column":62}},"2":{"start":{"line":3,"column":0},"end":{"line":3,"column":44}},"3":{"start":{"line":36,"column":19},"end":{"line":70,"column":2}},"4":{"start":{"line":56,"column":2},"end":{"line":58,"column":null}},"5":{"start":{"line":57,"column":4},"end":{"line":57,"column":18}},"6":{"start":{"line":60,"column":2},"end":{"line":69,"column":null}},"7":{"start":{"line":61,"column":25},"end":{"line":61,"column":49}},"8":{"start":{"line":63,"column":25},"end":{"line":63,"column":63}},"9":{"start":{"line":65,"column":4},"end":{"line":65,"column":25}},"10":{"start":{"line":66,"column":4},"end":{"line":66,"column":11}},"11":{"start":{"line":68,"column":4},"end":{"line":68,"column":23}},"12":{"start":{"line":75,"column":0},"end":{"line":83,"column":2}},"13":{"start":{"line":76,"column":2},"end":{"line":82,"column":null}},"14":{"start":{"line":77,"column":27},"end":{"line":77,"column":81}},"15":{"start":{"line":79,"column":4},"end":{"line":79,"column":17}},"16":{"start":{"line":81,"column":4},"end":{"line":81,"column":17}},"17":{"start":{"line":85,"column":0},"end":{"line":85,"column":73}}},"fnMap":{"0":{"name":"(anonymous_13)","decl":{"start":{"line":55,"column":14},"end":{"line":55,"column":30}},"loc":{"start":{"line":55,"column":48},"end":{"line":70,"column":2}}},"1":{"name":"(anonymous_15)","decl":{"start":{"line":75,"column":37},"end":{"line":75,"column":53}},"loc":{"start":{"line":75,"column":78},"end":{"line":83,"column":2}}}},"branchMap":{"0":{"loc":{"start":{"line":56,"column":2},"end":{"line":58,"column":null}},"type":"if","locations":[{"start":{"line":56,"column":2},"end":{"line":58,"column":null}},{"start":{},"end":{}}]}},"s":{"0":2,"1":2,"2":2,"3":2,"4":8,"5":0,"6":8,"7":8,"8":8,"9":8,"10":8,"11":0,"12":2,"13":0,"14":0,"15":0,"16":0,"17":2},"f":{"0":8,"1":0},"b":{"0":[0,8]}}
,"D:\\Dev\\Proyecto-Testing-Y-Seguridad-Master\\api\\src\\components\\User\\service.ts": {"path":"D:\\Dev\\Proyecto-Testing-Y-Seguridad-Master\\api\\src\\components\\User\\service.ts","statementMap":{"0":{"start":{"line":2,"column":0},"end":{"line":2,"column":48}},"1":{"start":{"line":3,"column":0},"end":{"line":3,"column":42}},"2":{"start":{"line":5,"column":0},"end":{"line":5,"column":33}},"3":{"start":{"line":6,"column":0},"end":{"line":6,"column":43}},"4":{"start":{"line":12,"column":34},"end":{"line":130,"column":2}},"5":{"start":{"line":18,"column":4},"end":{"line":22,"column":null}},"6":{"start":{"line":19,"column":6},"end":{"line":19,"column":38}},"7":{"start":{"line":21,"column":6},"end":{"line":21,"column":37}},"8":{"start":{"line":31,"column":4},"end":{"line":64,"column":null}},"9":{"start":{"line":34,"column":11},"end":{"line":36,"column":8}},"10":{"start":{"line":38,"column":6},"end":{"line":40,"column":null}},"11":{"start":{"line":39,"column":8},"end":{"line":39,"column":57}},"12":{"start":{"line":42,"column":19},"end":{"line":48,"column":null}},"13":{"start":{"line":51,"column":6},"end":{"line":53,"column":null}},"14":{"start":{"line":52,"column":8},"end":{"line":52,"column":51}},"15":{"start":{"line":55,"column":6},"end":{"line":55,"column":18}},"16":{"start":{"line":57,"column":6},"end":{"line":59,"column":null}},"17":{"start":{"line":58,"column":8},"end":{"line":58,"column":60}},"18":{"start":{"line":60,"column":6},"end":{"line":62,"column":null}},"19":{"start":{"line":61,"column":8},"end":{"line":61,"column":20}},"20":{"start":{"line":63,"column":6},"end":{"line":63,"column":46}},"21":{"start":{"line":73,"column":4},"end":{"line":91,"column":null}},"22":{"start":{"line":74,"column":57},"end":{"line":74,"column":88}},"23":{"start":{"line":76,"column":6},"end":{"line":78,"column":null}},"24":{"start":{"line":77,"column":8},"end":{"line":77,"column":57}},"25":{"start":{"line":80,"column":31},"end":{"line":80,"column":59}},"26":{"start":{"line":82,"column":6},"end":{"line":82,"column":18}},"27":{"start":{"line":84,"column":6},"end":{"line":86,"column":null}},"28":{"start":{"line":85,"column":8},"end":{"line":85,"column":48}},"29":{"start":{"line":87,"column":6},"end":{"line":89,"column":null}},"30":{"start":{"line":88,"column":8},"end":{"line":88,"column":20}},"31":{"start":{"line":90,"column":6},"end":{"line":90,"column":46}},"32":{"start":{"line":100,"column":4},"end":{"line":128,"column":null}},"33":{"start":{"line":103,"column":11},"end":{"line":105,"column":8}},"34":{"start":{"line":107,"column":6},"end":{"line":109,"column":null}},"35":{"start":{"line":108,"column":8},"end":{"line":108,"column":57}},"36":{"start":{"line":111,"column":31},"end":{"line":113,"column":8}},"37":{"start":{"line":115,"column":6},"end":{"line":117,"column":null}},"38":{"start":{"line":116,"column":8},"end":{"line":116,"column":51}},"39":{"start":{"line":119,"column":6},"end":{"line":119,"column":18}},"40":{"start":{"line":121,"column":6},"end":{"line":123,"column":null}},"41":{"start":{"line":122,"column":8},"end":{"line":122,"column":60}},"42":{"start":{"line":124,"column":6},"end":{"line":126,"column":null}},"43":{"start":{"line":125,"column":8},"end":{"line":125,"column":20}},"44":{"start":{"line":127,"column":6},"end":{"line":127,"column":46}},"45":{"start":{"line":132,"column":0},"end":{"line":132,"column":27}}},"fnMap":{"0":{"name":"(anonymous_8)","decl":{"start":{"line":17,"column":8},"end":{"line":17,"column":15}},"loc":{"start":{"line":17,"column":15},"end":{"line":23,"column":null}}},"1":{"name":"(anonymous_10)","decl":{"start":{"line":30,"column":8},"end":{"line":30,"column":15}},"loc":{"start":{"line":30,"column":26},"end":{"line":65,"column":null}}},"2":{"name":"(anonymous_12)","decl":{"start":{"line":72,"column":8},"end":{"line":72,"column":14}},"loc":{"start":{"line":72,"column":31},"end":{"line":92,"column":null}}},"3":{"name":"(anonymous_14)","decl":{"start":{"line":99,"column":8},"end":{"line":99,"column":14}},"loc":{"start":{"line":99,"column":25},"end":{"line":129,"column":null}}}},"branchMap":{"0":{"loc":{"start":{"line":38,"column":6},"end":{"line":40,"column":null}},"type":"if","locations":[{"start":{"line":38,"column":6},"end":{"line":40,"column":null}},{"start":{},"end":{}}]},"1":{"loc":{"start":{"line":51,"column":6},"end":{"line":53,"column":null}},"type":"if","locations":[{"start":{"line":51,"column":6},"end":{"line":53,"column":null}},{"start":{},"end":{}}]},"2":{"loc":{"start":{"line":57,"column":6},"end":{"line":59,"column":null}},"type":"if","locations":[{"start":{"line":57,"column":6},"end":{"line":59,"column":null}},{"start":{},"end":{}}]},"3":{"loc":{"start":{"line":57,"column":10},"end":{"line":57,"column":93}},"type":"binary-expr","locations":[{"start":{"line":57,"column":10},"end":{"line":57,"column":40}},{"start":{"line":57,"column":44},"end":{"line":57,"column":93}}]},"4":{"loc":{"start":{"line":60,"column":6},"end":{"line":62,"column":null}},"type":"if","locations":[{"start":{"line":60,"column":6},"end":{"line":62,"column":null}},{"start":{},"end":{}}]},"5":{"loc":{"start":{"line":76,"column":6},"end":{"line":78,"column":null}},"type":"if","locations":[{"start":{"line":76,"column":6},"end":{"line":78,"column":null}},{"start":{},"end":{}}]},"6":{"loc":{"start":{"line":84,"column":6},"end":{"line":86,"column":null}},"type":"if","locations":[{"start":{"line":84,"column":6},"end":{"line":86,"column":null}},{"start":{},"end":{}}]},"7":{"loc":{"start":{"line":84,"column":10},"end":{"line":84,"column":69}},"type":"binary-expr","locations":[{"start":{"line":84,"column":10},"end":{"line":84,"column":30}},{"start":{"line":84,"column":34},"end":{"line":84,"column":69}}]},"8":{"loc":{"start":{"line":87,"column":6},"end":{"line":89,"column":null}},"type":"if","locations":[{"start":{"line":87,"column":6},"end":{"line":89,"column":null}},{"start":{},"end":{}}]},"9":{"loc":{"start":{"line":107,"column":6},"end":{"line":109,"column":null}},"type":"if","locations":[{"start":{"line":107,"column":6},"end":{"line":109,"column":null}},{"start":{},"end":{}}]},"10":{"loc":{"start":{"line":115,"column":6},"end":{"line":117,"column":null}},"type":"if","locations":[{"start":{"line":115,"column":6},"end":{"line":117,"column":null}},{"start":{},"end":{}}]},"11":{"loc":{"start":{"line":121,"column":6},"end":{"line":123,"column":null}},"type":"if","locations":[{"start":{"line":121,"column":6},"end":{"line":123,"column":null}},{"start":{},"end":{}}]},"12":{"loc":{"start":{"line":121,"column":10},"end":{"line":121,"column":93}},"type":"binary-expr","locations":[{"start":{"line":121,"column":10},"end":{"line":121,"column":40}},{"start":{"line":121,"column":44},"end":{"line":121,"column":93}}]},"13":{"loc":{"start":{"line":124,"column":6},"end":{"line":126,"column":null}},"type":"if","locations":[{"start":{"line":124,"column":6},"end":{"line":126,"column":null}},{"start":{},"end":{}}]}},"s":{"0":2,"1":2,"2":2,"3":2,"4":2,"5":3,"6":3,"7":0,"8":4,"9":4,"10":3,"11":0,"12":3,"13":3,"14":2,"15":1,"16":3,"17":1,"18":2,"19":2,"20":0,"21":6,"22":6,"23":6,"24":3,"25":3,"26":2,"27":4,"28":1,"29":3,"30":3,"31":0,"32":3,"33":3,"34":2,"35":0,"36":2,"37":2,"38":1,"39":1,"40":2,"41":1,"42":1,"43":1,"44":0,"45":2},"f":{"0":3,"1":4,"2":6,"3":3},"b":{"0":[0,3],"1":[2,1],"2":[1,2],"3":[3,2],"4":[2,0],"5":[3,3],"6":[1,3],"7":[4,3],"8":[3,0],"9":[0,2],"10":[1,1],"11":[1,1],"12":[2,1],"13":[1,0]}}
,"D:\\Dev\\Proyecto-Testing-Y-Seguridad-Master\\api\\src\\components\\User\\validation.ts": {"path":"D:\\Dev\\Proyecto-Testing-Y-Seguridad-Master\\api\\src\\components\\User\\validation.ts","statementMap":{"0":{"start":{"line":1,"column":0},"end":{"line":1,"column":22}},"1":{"start":{"line":2,"column":0},"end":{"line":2,"column":49}},"2":{"start":{"line":17,"column":37},"end":{"line":24,"column":6}},"3":{"start":{"line":26,"column":4},"end":{"line":26,"column":35}},"4":{"start":{"line":37,"column":37},"end":{"line":39,"column":6}},"5":{"start":{"line":41,"column":4},"end":{"line":41,"column":33}},"6":{"start":{"line":52,"column":37},"end":{"line":54,"column":6}},"7":{"start":{"line":56,"column":4},"end":{"line":56,"column":33}},"8":{"start":{"line":60,"column":0},"end":{"line":60,"column":36}}},"fnMap":{"0":{"name":"(anonymous_1)","decl":{"start":{"line":16,"column":2},"end":{"line":16,"column":12}},"loc":{"start":{"line":16,"column":31},"end":{"line":27,"column":3}}},"1":{"name":"(anonymous_2)","decl":{"start":{"line":34,"column":2},"end":{"line":34,"column":9}},"loc":{"start":{"line":34,"column":30},"end":{"line":42,"column":3}}},"2":{"name":"(anonymous_3)","decl":{"start":{"line":49,"column":2},"end":{"line":49,"column":12}},"loc":{"start":{"line":49,"column":33},"end":{"line":57,"column":3}}}},"branchMap":{},"s":{"0":2,"1":2,"2":6,"3":6,"4":4,"5":4,"6":3,"7":3,"8":2},"f":{"0":6,"1":4,"2":3},"b":{}}
,"D:\\Dev\\Proyecto-Testing-Y-Seguridad-Master\\api\\src\\config\\connection\\connection.ts": {"path":"D:\\Dev\\Proyecto-Testing-Y-Seguridad-Master\\api\\src\\config\\connection\\connection.ts","statementMap":{"0":{"start":{"line":1,"column":0},"end":{"line":1,"column":32}},"1":{"start":{"line":2,"column":0},"end":{"line":2,"column":40}},"2":{"start":{"line":3,"column":0},"end":{"line":3,"column":36}},"3":{"start":{"line":5,"column":18},"end":{"line":5,"column":84}},"4":{"start":{"line":7,"column":13},"end":{"line":7,"column":76}},"5":{"start":{"line":10,"column":0},"end":{"line":12,"column":3}},"6":{"start":{"line":11,"column":2},"end":{"line":11,"column":38}},"7":{"start":{"line":14,"column":0},"end":{"line":17,"column":3}},"8":{"start":{"line":15,"column":2},"end":{"line":15,"column":48}},"9":{"start":{"line":16,"column":2},"end":{"line":16,"column":24}},"10":{"start":{"line":19,"column":0},"end":{"line":21,"column":3}},"11":{"start":{"line":20,"column":2},"end":{"line":20,"column":37}},"12":{"start":{"line":23,"column":0},"end":{"line":25,"column":3}},"13":{"start":{"line":24,"column":2},"end":{"line":24,"column":45}},"14":{"start":{"line":27,"column":0},"end":{"line":29,"column":3}},"15":{"start":{"line":28,"column":2},"end":{"line":28,"column":39}},"16":{"start":{"line":31,"column":0},"end":{"line":33,"column":3}},"17":{"start":{"line":32,"column":2},"end":{"line":32,"column":44}},"18":{"start":{"line":35,"column":0},"end":{"line":37,"column":3}},"19":{"start":{"line":36,"column":2},"end":{"line":36,"column":40}},"20":{"start":{"line":39,"column":0},"end":{"line":41,"column":3}},"21":{"start":{"line":40,"column":2},"end":{"line":40,"column":47}}},"fnMap":{"0":{"name":"(anonymous_1)","decl":{"start":{"line":10,"column":20},"end":{"line":10,"column":23}},"loc":{"start":{"line":10,"column":25},"end":{"line":12,"column":1}}},"1":{"name":"(anonymous_2)","decl":{"start":{"line":14,"column":15},"end":{"line":14,"column":16}},"loc":{"start":{"line":14,"column":30},"end":{"line":17,"column":1}}},"2":{"name":"(anonymous_3)","decl":{"start":{"line":19,"column":19},"end":{"line":19,"column":22}},"loc":{"start":{"line":19,"column":24},"end":{"line":21,"column":1}}},"3":{"name":"(anonymous_4)","decl":{"start":{"line":23,"column":16},"end":{"line":23,"column":19}},"loc":{"start":{"line":23,"column":21},"end":{"line":25,"column":1}}},"4":{"name":"(anonymous_5)","decl":{"start":{"line":27,"column":21},"end":{"line":27,"column":24}},"loc":{"start":{"line":27,"column":26},"end":{"line":29,"column":1}}},"5":{"name":"(anonymous_6)","decl":{"start":{"line":31,"column":25},"end":{"line":31,"column":28}},"loc":{"start":{"line":31,"column":30},"end":{"line":33,"column":1}}},"6":{"name":"(anonymous_7)","decl":{"start":{"line":35,"column":22},"end":{"line":35,"column":25}},"loc":{"start":{"line":35,"column":27},"end":{"line":37,"column":1}}},"7":{"name":"(anonymous_8)","decl":{"start":{"line":39,"column":19},"end":{"line":39,"column":22}},"loc":{"start":{"line":39,"column":24},"end":{"line":41,"column":1}}}},"branchMap":{},"s":{"0":2,"1":2,"2":2,"3":2,"4":2,"5":2,"6":0,"7":2,"8":0,"9":0,"10":2,"11":2,"12":2,"13":2,"14":2,"15":0,"16":2,"17":0,"18":2,"19":2,"20":2,"21":0},"f":{"0":0,"1":0,"2":2,"3":2,"4":0,"5":0,"6":2,"7":0},"b":{}}
,"D:\\Dev\\Proyecto-Testing-Y-Seguridad-Master\\api\\src\\config\\env\\index.ts": {"path":"D:\\Dev\\Proyecto-Testing-Y-Seguridad-Master\\api\\src\\config\\env\\index.ts","statementMap":{"0":{"start":{"line":1,"column":0},"end":{"line":1,"column":33}},"1":{"start":{"line":3,"column":0},"end":{"line":3,"column":16}},"2":{"start":{"line":14,"column":25},"end":{"line":14,"column":62}},"3":{"start":{"line":16,"column":29},"end":{"line":23,"column":2}},"4":{"start":{"line":25,"column":28},"end":{"line":32,"column":2}},"5":{"start":{"line":34,"column":22},"end":{"line":41,"column":2}},"6":{"start":{"line":45,"column":4},"end":{"line":49,"column":2}},"7":{"start":{"line":51,"column":0},"end":{"line":51,"column":32}}},"fnMap":{},"branchMap":{"0":{"loc":{"start":{"line":14,"column":25},"end":{"line":14,"column":62}},"type":"binary-expr","locations":[{"start":{"line":14,"column":25},"end":{"line":14,"column":45}},{"start":{"line":14,"column":49},"end":{"line":14,"column":62}}]},"1":{"loc":{"start":{"line":17,"column":8},"end":{"line":17,"column":32}},"type":"binary-expr","locations":[{"start":{"line":17,"column":8},"end":{"line":17,"column":24}},{"start":{"line":17,"column":28},"end":{"line":17,"column":32}}]},"2":{"loc":{"start":{"line":19,"column":17},"end":{"line":19,"column":72}},"type":"binary-expr","locations":[{"start":{"line":19,"column":17},"end":{"line":19,"column":40}},{"start":{"line":19,"column":44},"end":{"line":19,"column":72}}]},"3":{"loc":{"start":{"line":20,"column":21},"end":{"line":20,"column":64}},"type":"binary-expr","locations":[{"start":{"line":20,"column":21},"end":{"line":20,"column":48}},{"start":{"line":20,"column":52},"end":{"line":20,"column":64}}]},"4":{"loc":{"start":{"line":22,"column":10},"end":{"line":22,"column":40}},"type":"binary-expr","locations":[{"start":{"line":22,"column":10},"end":{"line":22,"column":28}},{"start":{"line":22,"column":32},"end":{"line":22,"column":40}}]},"5":{"loc":{"start":{"line":26,"column":8},"end":{"line":26,"column":32}},"type":"binary-expr","locations":[{"start":{"line":26,"column":8},"end":{"line":26,"column":24}},{"start":{"line":26,"column":28},"end":{"line":26,"column":32}}]},"6":{"loc":{"start":{"line":28,"column":17},"end":{"line":28,"column":71}},"type":"binary-expr","locations":[{"start":{"line":28,"column":17},"end":{"line":28,"column":40}},{"start":{"line":28,"column":44},"end":{"line":28,"column":71}}]},"7":{"loc":{"start":{"line":29,"column":21},"end":{"line":29,"column":64}},"type":"binary-expr","locations":[{"start":{"line":29,"column":21},"end":{"line":29,"column":48}},{"start":{"line":29,"column":52},"end":{"line":29,"column":64}}]},"8":{"loc":{"start":{"line":31,"column":10},"end":{"line":31,"column":40}},"type":"binary-expr","locations":[{"start":{"line":31,"column":10},"end":{"line":31,"column":28}},{"start":{"line":31,"column":32},"end":{"line":31,"column":40}}]},"9":{"loc":{"start":{"line":35,"column":8},"end":{"line":35,"column":32}},"type":"binary-expr","locations":[{"start":{"line":35,"column":8},"end":{"line":35,"column":24}},{"start":{"line":35,"column":28},"end":{"line":35,"column":32}}]},"10":{"loc":{"start":{"line":37,"column":17},"end":{"line":37,"column":72}},"type":"binary-expr","locations":[{"start":{"line":37,"column":17},"end":{"line":37,"column":40}},{"start":{"line":37,"column":44},"end":{"line":37,"column":72}}]},"11":{"loc":{"start":{"line":38,"column":21},"end":{"line":38,"column":64}},"type":"binary-expr","locations":[{"start":{"line":38,"column":21},"end":{"line":38,"column":48}},{"start":{"line":38,"column":52},"end":{"line":38,"column":64}}]},"12":{"loc":{"start":{"line":40,"column":10},"end":{"line":40,"column":40}},"type":"binary-expr","locations":[{"start":{"line":40,"column":10},"end":{"line":40,"column":28}},{"start":{"line":40,"column":32},"end":{"line":40,"column":40}}]}},"s":{"0":2,"1":2,"2":2,"3":2,"4":2,"5":2,"6":2,"7":2},"f":{},"b":{"0":[2,0],"1":[2,0],"2":[2,0],"3":[2,0],"4":[2,0],"5":[2,0],"6":[2,0],"7":[2,0],"8":[2,0],"9":[2,0],"10":[2,0],"11":[2,0],"12":[2,0]}}
,"D:\\Dev\\Proyecto-Testing-Y-Seguridad-Master\\api\\src\\config\\error\\index.ts": {"path":"D:\\Dev\\Proyecto-Testing-Y-Seguridad-Master\\api\\src\\config\\error\\index.ts","statementMap":{"0":{"start":{"line":1,"column":0},"end":{"line":1,"column":29}},"1":{"start":{"line":22,"column":4},"end":{"line":22,"column":19}},"2":{"start":{"line":24,"column":4},"end":{"line":24,"column":52}},"3":{"start":{"line":26,"column":4},"end":{"line":26,"column":32}},"4":{"start":{"line":27,"column":4},"end":{"line":27,"column":26}},"5":{"start":{"line":28,"column":4},"end":{"line":28,"column":72}},"6":{"start":{"line":8,"column":0},"end":{"line":8,"column":13}},"7":{"start":{"line":32,"column":0},"end":{"line":32,"column":25}}},"fnMap":{"0":{"name":"(anonymous_6)","decl":{"start":{"line":21,"column":2},"end":{"line":21,"column":14}},"loc":{"start":{"line":21,"column":47},"end":{"line":29,"column":3}}}},"branchMap":{"0":{"loc":{"start":{"line":26,"column":18},"end":{"line":26,"column":31}},"type":"binary-expr","locations":[{"start":{"line":26,"column":18},"end":{"line":26,"column":24}},{"start":{"line":26,"column":28},"end":{"line":26,"column":31}}]},"1":{"loc":{"start":{"line":28,"column":19},"end":{"line":28,"column":71}},"type":"binary-expr","locations":[{"start":{"line":28,"column":19},"end":{"line":28,"column":26}},{"start":{"line":28,"column":30},"end":{"line":28,"column":60}},{"start":{"line":28,"column":64},"end":{"line":28,"column":71}}]}},"s":{"0":2,"1":9,"2":9,"3":9,"4":9,"5":9,"6":2,"7":2},"f":{"0":9},"b":{"0":[9,0],"1":[9,0,0]}}
,"D:\\Dev\\Proyecto-Testing-Y-Seguridad-Master\\api\\src\\config\\error\\sendHttpError.ts": {"path":"D:\\Dev\\Proyecto-Testing-Y-Seguridad-Master\\api\\src\\config\\error\\sendHttpError.ts","statementMap":{"0":{"start":{"line":30,"column":2},"end":{"line":52,"column":4}},"1":{"start":{"line":31,"column":4},"end":{"line":31,"column":29}},"2":{"start":{"line":38,"column":4},"end":{"line":51,"column":null}},"3":{"start":{"line":44,"column":6},"end":{"line":48,"column":9}},"4":{"start":{"line":50,"column":6},"end":{"line":50,"column":36}},"5":{"start":{"line":54,"column":2},"end":{"line":54,"column":9}},"6":{"start":{"line":29,"column":0},"end":{"line":29,"column":16}},"7":{"start":{"line":63,"column":31},"end":{"line":75,"column":1}},"8":{"start":{"line":64,"column":2},"end":{"line":72,"column":null}},"9":{"start":{"line":65,"column":4},"end":{"line":71,"column":6}},"10":{"start":{"line":74,"column":2},"end":{"line":74,"column":12}}},"fnMap":{"0":{"name":"sendHttpErrorModule","decl":{"start":{"line":29,"column":16},"end":{"line":29,"column":35}},"loc":{"start":{"line":29,"column":78},"end":{"line":55,"column":1}}},"1":{"name":"(anonymous_1)","decl":{"start":{"line":30,"column":22},"end":{"line":30,"column":23}},"loc":{"start":{"line":30,"column":49},"end":{"line":52,"column":3}}},"2":{"name":"(anonymous_2)","decl":{"start":{"line":63,"column":31},"end":{"line":63,"column":32}},"loc":{"start":{"line":63,"column":60},"end":{"line":75,"column":1}}}},"branchMap":{"0":{"loc":{"start":{"line":38,"column":4},"end":{"line":51,"column":null}},"type":"if","locations":[{"start":{"line":38,"column":4},"end":{"line":51,"column":null}},{"start":{"line":49,"column":11},"end":{"line":51,"column":null}}]},"1":{"loc":{"start":{"line":39,"column":6},"end":{"line":42,"column":70}},"type":"binary-expr","locations":[{"start":{"line":39,"column":6},"end":{"line":39,"column":13}},{"start":{"line":40,"column":6},"end":{"line":40,"column":20}},{"start":{"line":41,"column":7},"end":{"line":41,"column":21}},{"start":{"line":41,"column":25},"end":{"line":41,"column":42}},{"start":{"line":42,"column":6},"end":{"line":42,"column":70}}]},"2":{"loc":{"start":{"line":42,"column":8},"end":{"line":42,"column":69}},"type":"binary-expr","locations":[{"start":{"line":42,"column":8},"end":{"line":42,"column":25}},{"start":{"line":42,"column":29},"end":{"line":42,"column":69}}]},"3":{"loc":{"start":{"line":64,"column":2},"end":{"line":72,"column":null}},"type":"if","locations":[{"start":{"line":64,"column":2},"end":{"line":72,"column":null}},{"start":{},"end":{}}]}},"s":{"0":26,"1":9,"2":9,"3":9,"4":0,"5":26,"6":2,"7":2,"8":0,"9":0,"10":0},"f":{"0":26,"1":9,"2":0},"b":{"0":[9,0],"1":[9,9,5,0,5],"2":[5,5],"3":[0,0]}}
,"D:\\Dev\\Proyecto-Testing-Y-Seguridad-Master\\api\\src\\config\\middleware\\jwtAuth.ts": {"path":"D:\\Dev\\Proyecto-Testing-Y-Seguridad-Master\\api\\src\\config\\middleware\\jwtAuth.ts","statementMap":{"0":{"start":{"line":1,"column":0},"end":{"line":1,"column":48}},"1":{"start":{"line":2,"column":0},"end":{"line":2,"column":36}},"2":{"start":{"line":4,"column":0},"end":{"line":4,"column":41}},"3":{"start":{"line":5,"column":0},"end":{"line":5,"column":39}},"4":{"start":{"line":6,"column":0},"end":{"line":6,"column":29}},"5":{"start":{"line":28,"column":21},"end":{"line":28,"column":46}},"6":{"start":{"line":30,"column":2},"end":{"line":42,"column":null}},"7":{"start":{"line":31,"column":4},"end":{"line":41,"column":null}},"8":{"start":{"line":32,"column":36},"end":{"line":32,"column":92}},"9":{"start":{"line":34,"column":6},"end":{"line":34,"column":22}},"10":{"start":{"line":36,"column":6},"end":{"line":36,"column":20}},"11":{"start":{"line":38,"column":6},"end":{"line":40,"column":8}},"12":{"start":{"line":44,"column":2},"end":{"line":44,"column":74}},"13":{"start":{"line":26,"column":0},"end":{"line":26,"column":16}}},"fnMap":{"0":{"name":"isAuthenticated","decl":{"start":{"line":26,"column":16},"end":{"line":26,"column":31}},"loc":{"start":{"line":26,"column":87},"end":{"line":45,"column":1}}}},"branchMap":{"0":{"loc":{"start":{"line":30,"column":2},"end":{"line":42,"column":null}},"type":"if","locations":[{"start":{"line":30,"column":2},"end":{"line":42,"column":null}},{"start":{},"end":{}}]},"1":{"loc":{"start":{"line":30,"column":6},"end":{"line":30,"column":46}},"type":"binary-expr","locations":[{"start":{"line":30,"column":6},"end":{"line":30,"column":11}},{"start":{"line":30,"column":15},"end":{"line":30,"column":46}}]}},"s":{"0":0,"1":0,"2":0,"3":0,"4":0,"5":0,"6":0,"7":0,"8":0,"9":0,"10":0,"11":0,"12":0,"13":0},"f":{"0":0},"b":{"0":[0,0],"1":[0,0]}}
,"D:\\Dev\\Proyecto-Testing-Y-Seguridad-Master\\api\\src\\config\\middleware\\middleware.ts": {"path":"D:\\Dev\\Proyecto-Testing-Y-Seguridad-Master\\api\\src\\config\\middleware\\middleware.ts","statementMap":{"0":{"start":{"line":1,"column":0},"end":{"line":1,"column":43}},"1":{"start":{"line":2,"column":0},"end":{"line":2,"column":37}},"2":{"start":{"line":3,"column":0},"end":{"line":3,"column":38}},"3":{"start":{"line":4,"column":0},"end":{"line":4,"column":41}},"4":{"start":{"line":5,"column":0},"end":{"line":5,"column":24}},"5":{"start":{"line":7,"column":0},"end":{"line":7,"column":28}},"6":{"start":{"line":8,"column":0},"end":{"line":8,"column":43}},"7":{"start":{"line":9,"column":0},"end":{"line":9,"column":67}},"8":{"start":{"line":10,"column":0},"end":{"line":10,"column":36}},"9":{"start":{"line":19,"column":2},"end":{"line":23,"column":4}},"10":{"start":{"line":24,"column":2},"end":{"line":24,"column":29}},"11":{"start":{"line":26,"column":2},"end":{"line":26,"column":26}},"12":{"start":{"line":28,"column":2},"end":{"line":28,"column":25}},"13":{"start":{"line":30,"column":2},"end":{"line":30,"column":20}},"14":{"start":{"line":32,"column":2},"end":{"line":37,"column":4}},"15":{"start":{"line":40,"column":2},"end":{"line":40,"column":31}},"16":{"start":{"line":17,"column":0},"end":{"line":17,"column":16}},"17":{"start":{"line":52,"column":2},"end":{"line":72,"column":5}},"18":{"start":{"line":53,"column":4},"end":{"line":55,"column":null}},"19":{"start":{"line":54,"column":6},"end":{"line":54,"column":35}},"20":{"start":{"line":57,"column":4},"end":{"line":67,"column":null}},"21":{"start":{"line":58,"column":6},"end":{"line":58,"column":31}},"22":{"start":{"line":60,"column":6},"end":{"line":66,"column":null}},"23":{"start":{"line":61,"column":8},"end":{"line":61,"column":79}},"24":{"start":{"line":62,"column":8},"end":{"line":62,"column":33}},"25":{"start":{"line":64,"column":8},"end":{"line":64,"column":64}},"26":{"start":{"line":65,"column":8},"end":{"line":65,"column":48}},"27":{"start":{"line":69,"column":4},"end":{"line":71,"column":null}},"28":{"start":{"line":70,"column":6},"end":{"line":70,"column":26}},"29":{"start":{"line":51,"column":0},"end":{"line":51,"column":16}}},"fnMap":{"0":{"name":"configure","decl":{"start":{"line":17,"column":16},"end":{"line":17,"column":25}},"loc":{"start":{"line":17,"column":50},"end":{"line":41,"column":1}}},"1":{"name":"initErrorHandler","decl":{"start":{"line":51,"column":16},"end":{"line":51,"column":32}},"loc":{"start":{"line":51,"column":57},"end":{"line":73,"column":1}}},"2":{"name":"(anonymous_3)","decl":{"start":{"line":52,"column":10},"end":{"line":52,"column":11}},"loc":{"start":{"line":52,"column":98},"end":{"line":72,"column":3}}}},"branchMap":{"0":{"loc":{"start":{"line":53,"column":4},"end":{"line":55,"column":null}},"type":"if","locations":[{"start":{"line":53,"column":4},"end":{"line":55,"column":null}},{"start":{},"end":{}}]},"1":{"loc":{"start":{"line":57,"column":4},"end":{"line":67,"column":null}},"type":"if","locations":[{"start":{"line":57,"column":4},"end":{"line":67,"column":null}},{"start":{"line":59,"column":11},"end":{"line":67,"column":null}}]},"2":{"loc":{"start":{"line":60,"column":6},"end":{"line":66,"column":null}},"type":"if","locations":[{"start":{"line":60,"column":6},"end":{"line":66,"column":null}},{"start":{"line":63,"column":13},"end":{"line":66,"column":null}}]},"3":{"loc":{"start":{"line":69,"column":4},"end":{"line":71,"column":null}},"type":"if","locations":[{"start":{"line":69,"column":4},"end":{"line":71,"column":null}},{"start":{},"end":{}}]}},"s":{"0":2,"1":2,"2":2,"3":2,"4":2,"5":2,"6":2,"7":2,"8":2,"9":2,"10":2,"11":2,"12":2,"13":2,"14":2,"15":2,"16":2,"17":2,"18":9,"19":0,"20":9,"21":9,"22":0,"23":0,"24":0,"25":0,"26":0,"27":9,"28":0,"29":2},"f":{"0":2,"1":2,"2":9},"b":{"0":[0,9],"1":[9,0],"2":[0,0],"3":[0,9]}}
,"D:\\Dev\\Proyecto-Testing-Y-Seguridad-Master\\api\\src\\config\\server\\index.ts": {"path":"D:\\Dev\\Proyecto-Testing-Y-Seguridad-Master\\api\\src\\config\\server\\index.ts","statementMap":{"0":{"start":{"line":1,"column":0},"end":{"line":1,"column":29}},"1":{"start":{"line":2,"column":0},"end":{"line":2,"column":51}},"2":{"start":{"line":3,"column":0},"end":{"line":3,"column":30}},"3":{"start":{"line":5,"column":28},"end":{"line":5,"column":53}},"4":{"start":{"line":10,"column":0},"end":{"line":10,"column":34}},"5":{"start":{"line":15,"column":0},"end":{"line":15,"column":88}},"6":{"start":{"line":15,"column":37},"end":{"line":15,"column":86}},"7":{"start":{"line":16,"column":0},"end":{"line":16,"column":64}}},"fnMap":{"0":{"name":"(anonymous_7)","decl":{"start":{"line":15,"column":19},"end":{"line":15,"column":20}},"loc":{"start":{"line":15,"column":37},"end":{"line":15,"column":86}}}},"branchMap":{},"s":{"0":0,"1":0,"2":0,"3":0,"4":0,"5":0,"6":0,"7":0},"f":{"0":0},"b":{}}
,"D:\\Dev\\Proyecto-Testing-Y-Seguridad-Master\\api\\src\\config\\server\\server.ts": {"path":"D:\\Dev\\Proyecto-Testing-Y-Seguridad-Master\\api\\src\\config\\server\\server.ts","statementMap":{"0":{"start":{"line":1,"column":0},"end":{"line":1,"column":30}},"1":{"start":{"line":2,"column":0},"end":{"line":2,"column":61}},"2":{"start":{"line":3,"column":0},"end":{"line":3,"column":35}},"3":{"start":{"line":8,"column":33},"end":{"line":8,"column":42}},"4":{"start":{"line":13,"column":0},"end":{"line":13,"column":26}},"5":{"start":{"line":18,"column":0},"end":{"line":18,"column":17}},"6":{"start":{"line":23,"column":0},"end":{"line":23,"column":33}},"7":{"start":{"line":28,"column":0},"end":{"line":28,"column":42}},"8":{"start":{"line":33,"column":0},"end":{"line":33,"column":55}},"9":{"start":{"line":38,"column":0},"end":{"line":38,"column":19}}},"fnMap":{},"branchMap":{"0":{"loc":{"start":{"line":28,"column":16},"end":{"line":28,"column":40}},"type":"binary-expr","locations":[{"start":{"line":28,"column":16},"end":{"line":28,"column":32}},{"start":{"line":28,"column":36},"end":{"line":28,"column":40}}]},"1":{"loc":{"start":{"line":33,"column":18},"end":{"line":33,"column":53}},"type":"binary-expr","locations":[{"start":{"line":33,"column":18},"end":{"line":33,"column":36}},{"start":{"line":33,"column":40},"end":{"line":33,"column":53}}]}},"s":{"0":2,"1":2,"2":2,"3":2,"4":2,"5":2,"6":2,"7":2,"8":2,"9":2},"f":{},"b":{"0":[2,0],"1":[2,0]}}
,"D:\\Dev\\Proyecto-Testing-Y-Seguridad-Master\\api\\src\\config\\server\\serverHandlers.ts": {"path":"D:\\Dev\\Proyecto-Testing-Y-Seguridad-Master\\api\\src\\config\\server\\serverHandlers.ts","statementMap":{"0":{"start":{"line":1,"column":0},"end":{"line":1,"column":36}},"1":{"start":{"line":10,"column":2},"end":{"line":12,"column":null}},"2":{"start":{"line":11,"column":4},"end":{"line":11,"column":16}},"3":{"start":{"line":14,"column":23},"end":{"line":14,"column":81}},"4":{"start":{"line":16,"column":2},"end":{"line":29,"column":null}},"5":{"start":{"line":18,"column":6},"end":{"line":18,"column":59}},"6":{"start":{"line":19,"column":6},"end":{"line":19,"column":22}},"7":{"start":{"line":21,"column":6},"end":{"line":21,"column":12}},"8":{"start":{"line":23,"column":6},"end":{"line":23,"column":48}},"9":{"start":{"line":24,"column":6},"end":{"line":24,"column":22}},"10":{"start":{"line":26,"column":6},"end":{"line":26,"column":12}},"11":{"start":{"line":28,"column":6},"end":{"line":28,"column":18}},"12":{"start":{"line":9,"column":0},"end":{"line":9,"column":16}},"13":{"start":{"line":36,"column":24},"end":{"line":36,"column":38}},"14":{"start":{"line":37,"column":23},"end":{"line":37,"column":86}},"15":{"start":{"line":39,"column":2},"end":{"line":39,"column":39}},"16":{"start":{"line":35,"column":0},"end":{"line":35,"column":16}}},"fnMap":{"0":{"name":"onError","decl":{"start":{"line":9,"column":16},"end":{"line":9,"column":23}},"loc":{"start":{"line":9,"column":85},"end":{"line":30,"column":1}}},"1":{"name":"onListening","decl":{"start":{"line":35,"column":16},"end":{"line":35,"column":27}},"loc":{"start":{"line":35,"column":27},"end":{"line":40,"column":1}}}},"branchMap":{"0":{"loc":{"start":{"line":10,"column":2},"end":{"line":12,"column":null}},"type":"if","locations":[{"start":{"line":10,"column":2},"end":{"line":12,"column":null}},{"start":{},"end":{}}]},"1":{"loc":{"start":{"line":14,"column":23},"end":{"line":14,"column":81}},"type":"cond-expr","locations":[{"start":{"line":14,"column":50},"end":{"line":14,"column":64}},{"start":{"line":14,"column":67},"end":{"line":14,"column":81}}]},"2":{"loc":{"start":{"line":16,"column":2},"end":{"line":29,"column":null}},"type":"switch","locations":[{"start":{"line":17,"column":4},"end":{"line":21,"column":12}},{"start":{"line":22,"column":4},"end":{"line":26,"column":12}},{"start":{"line":27,"column":4},"end":{"line":28,"column":18}}]},"3":{"loc":{"start":{"line":37,"column":23},"end":{"line":37,"column":86}},"type":"cond-expr","locations":[{"start":{"line":37,"column":50},"end":{"line":37,"column":64}},{"start":{"line":37,"column":67},"end":{"line":37,"column":86}}]}},"s":{"0":0,"1":0,"2":0,"3":0,"4":0,"5":0,"6":0,"7":0,"8":0,"9":0,"10":0,"11":0,"12":0,"13":0,"14":0,"15":0,"16":0},"f":{"0":0,"1":0},"b":{"0":[0,0],"1":[0,0],"2":[0,0,0],"3":[0,0]}}
,"D:\\Dev\\Proyecto-Testing-Y-Seguridad-Master\\api\\src\\routes\\AboutMeRouter.ts": {"path":"D:\\Dev\\Proyecto-Testing-Y-Seguridad-Master\\api\\src\\routes\\AboutMeRouter.ts","statementMap":{"0":{"start":{"line":1,"column":0},"end":{"line":1,"column":33}},"1":{"start":{"line":2,"column":0},"end":{"line":2,"column":48}},"2":{"start":{"line":7,"column":23},"end":{"line":7,"column":31}},"3":{"start":{"line":9,"column":0},"end":{"line":9,"column":42}},"4":{"start":{"line":14,"column":0},"end":{"line":14,"column":22}}},"fnMap":{},"branchMap":{},"s":{"0":2,"1":2,"2":2,"3":2,"4":2},"f":{},"b":{}}
,"D:\\Dev\\Proyecto-Testing-Y-Seguridad-Master\\api\\src\\routes\\AuthRouter.ts": {"path":"D:\\Dev\\Proyecto-Testing-Y-Seguridad-Master\\api\\src\\routes\\AuthRouter.ts","statementMap":{"0":{"start":{"line":1,"column":0},"end":{"line":1,"column":45}},"1":{"start":{"line":2,"column":0},"end":{"line":2,"column":33}},"2":{"start":{"line":7,"column":23},"end":{"line":7,"column":31}},"3":{"start":{"line":9,"column":0},"end":{"line":9,"column":43}},"4":{"start":{"line":15,"column":0},"end":{"line":15,"column":22}}},"fnMap":{},"branchMap":{},"s":{"0":2,"1":2,"2":2,"3":2,"4":2},"f":{},"b":{}}
,"D:\\Dev\\Proyecto-Testing-Y-Seguridad-Master\\api\\src\\routes\\ProjectsRouter.ts": {"path":"D:\\Dev\\Proyecto-Testing-Y-Seguridad-Master\\api\\src\\routes\\ProjectsRouter.ts","statementMap":{"0":{"start":{"line":1,"column":0},"end":{"line":1,"column":33}},"1":{"start":{"line":2,"column":0},"end":{"line":2,"column":49}},"2":{"start":{"line":3,"column":0},"end":{"line":3,"column":57}},"3":{"start":{"line":8,"column":23},"end":{"line":8,"column":31}},"4":{"start":{"line":10,"column":0},"end":{"line":10,"column":43}},"5":{"start":{"line":12,"column":0},"end":{"line":12,"column":46}},"6":{"start":{"line":14,"column":0},"end":{"line":14,"column":70}},"7":{"start":{"line":16,"column":0},"end":{"line":16,"column":69}},"8":{"start":{"line":18,"column":0},"end":{"line":18,"column":72}},"9":{"start":{"line":23,"column":0},"end":{"line":23,"column":22}}},"fnMap":{},"branchMap":{},"s":{"0":2,"1":2,"2":2,"3":2,"4":2,"5":2,"6":2,"7":2,"8":2,"9":2},"f":{},"b":{}}
,"D:\\Dev\\Proyecto-Testing-Y-Seguridad-Master\\api\\src\\routes\\UserRouter.ts": {"path":"D:\\Dev\\Proyecto-Testing-Y-Seguridad-Master\\api\\src\\routes\\UserRouter.ts","statementMap":{"0":{"start":{"line":1,"column":0},"end":{"line":1,"column":33}},"1":{"start":{"line":2,"column":0},"end":{"line":2,"column":45}},"2":{"start":{"line":7,"column":23},"end":{"line":7,"column":31}},"3":{"start":{"line":9,"column":0},"end":{"line":9,"column":39}},"4":{"start":{"line":11,"column":0},"end":{"line":11,"column":39}},"5":{"start":{"line":13,"column":0},"end":{"line":13,"column":42}},"6":{"start":{"line":15,"column":0},"end":{"line":15,"column":44}},"7":{"start":{"line":20,"column":0},"end":{"line":20,"column":22}}},"fnMap":{},"branchMap":{},"s":{"0":2,"1":2,"2":2,"3":2,"4":2,"5":2,"6":2,"7":2},"f":{},"b":{}}
,"D:\\Dev\\Proyecto-Testing-Y-Seguridad-Master\\api\\src\\routes\\index.ts": {"path":"D:\\Dev\\Proyecto-Testing-Y-Seguridad-Master\\api\\src\\routes\\index.ts","statementMap":{"0":{"start":{"line":2,"column":0},"end":{"line":2,"column":35}},"1":{"start":{"line":3,"column":0},"end":{"line":3,"column":29}},"2":{"start":{"line":4,"column":0},"end":{"line":4,"column":57}},"3":{"start":{"line":5,"column":0},"end":{"line":5,"column":48}},"4":{"start":{"line":6,"column":0},"end":{"line":6,"column":38}},"5":{"start":{"line":7,"column":0},"end":{"line":7,"column":38}},"6":{"start":{"line":8,"column":0},"end":{"line":8,"column":44}},"7":{"start":{"line":9,"column":0},"end":{"line":9,"column":46}},"8":{"start":{"line":17,"column":0},"end":{"line":25,"column":null}},"9":{"start":{"line":18,"column":2},"end":{"line":18,"column":45}},"10":{"start":{"line":20,"column":22},"end":{"line":20,"column":124}},"11":{"start":{"line":21,"column":22},"end":{"line":21,"column":120}},"12":{"start":{"line":22,"column":22},"end":{"line":22,"column":88}},"13":{"start":{"line":23,"column":22},"end":{"line":23,"column":123}},"14":{"start":{"line":24,"column":22},"end":{"line":24,"column":124}},"15":{"start":{"line":32,"column":33},"end":{"line":32,"column":49}},"16":{"start":{"line":40,"column":2},"end":{"line":40,"column":62}},"17":{"start":{"line":48,"column":2},"end":{"line":48,"column":40}},"18":{"start":{"line":56,"column":2},"end":{"line":56,"column":42}},"19":{"start":{"line":62,"column":2},"end":{"line":62,"column":31}},"20":{"start":{"line":70,"column":2},"end":{"line":73,"column":null}},"21":{"start":{"line":71,"column":4},"end":{"line":71,"column":38}},"22":{"start":{"line":72,"column":4},"end":{"line":72,"column":50}},"23":{"start":{"line":79,"column":2},"end":{"line":81,"column":5}},"24":{"start":{"line":80,"column":4},"end":{"line":80,"column":49}},"25":{"start":{"line":86,"column":2},"end":{"line":86,"column":18}},"26":{"start":{"line":31,"column":0},"end":{"line":31,"column":16}},"27":{"start":{"line":94,"column":85},"end":{"line":94,"column":46568}},"28":{"start":{"line":94,"column":89},"end":{"line":94,"column":46539}},"29":{"start":{"line":94,"column":46549},"end":{"line":94,"column":46566}},"30":{"start":{"line":94,"column":46682},"end":{"line":94,"column":46688}},"31":{"start":{"line":94,"column":46803},"end":{"line":94,"column":46809}},"32":{"start":{"line":94,"column":46924},"end":{"line":94,"column":46930}},"33":{"start":{"line":94,"column":47049},"end":{"line":94,"column":47055}},"34":{"start":{"line":94,"column":47199},"end":{"line":94,"column":47205}}},"fnMap":{"0":{"name":"init","decl":{"start":{"line":31,"column":16},"end":{"line":31,"column":20}},"loc":{"start":{"line":31,"column":45},"end":{"line":87,"column":1}}},"1":{"name":"(anonymous_8)","decl":{"start":{"line":79,"column":10},"end":{"line":79,"column":11}},"loc":{"start":{"line":79,"column":42},"end":{"line":81,"column":3}}},"2":{"name":"oo_cm","decl":{"start":{"line":94,"column":77},"end":{"line":94,"column":82}},"loc":{"start":{"line":94,"column":82},"end":{"line":94,"column":46568}}}},"branchMap":{"0":{"loc":{"start":{"line":70,"column":2},"end":{"line":73,"column":null}},"type":"if","locations":[{"start":{"line":70,"column":2},"end":{"line":73,"column":null}},{"start":{},"end":{}}]},"1":{"loc":{"start":{"line":94,"column":96},"end":{"line":94,"column":46538}},"type":"binary-expr","locations":[{"start":{"line":94,"column":96},"end":{"line":94,"column":133}},{"start":{"line":94,"column":137},"end":{"line":94,"column":46538}}]}},"s":{"0":2,"1":2,"2":2,"3":2,"4":2,"5":2,"6":2,"7":2,"8":2,"9":2,"10":0,"11":0,"12":0,"13":0,"14":0,"15":2,"16":2,"17":2,"18":2,"19":2,"20":2,"21":2,"22":2,"23":2,"24":0,"25":2,"26":2,"27":0,"28":0,"29":0,"30":2,"31":2,"32":2,"33":2,"34":2},"f":{"0":2,"1":0,"2":0},"b":{"0":[2,0],"1":[0,0]}}
,"D:\\Dev\\Proyecto-Testing-Y-Seguridad-Master\\api\\src\\utils\\Logger.ts": {"path":"D:\\Dev\\Proyecto-Testing-Y-Seguridad-Master\\api\\src\\utils\\Logger.ts","statementMap":{"0":{"start":{"line":1,"column":0},"end":{"line":1,"column":35}},"1":{"start":{"line":3,"column":31},"end":{"line":6,"column":2}},"2":{"start":{"line":8,"column":0},"end":{"line":8,"column":22}}},"fnMap":{},"branchMap":{},"s":{"0":2,"1":2,"2":2},"f":{},"b":{}}
}
