TN:
SF:src\index.ts
FNF:0
FNH:0
DA:1,0
DA:2,0
DA:6,0
LF:3
LH:0
BRF:0
BRH:0
end_of_record
TN:
SF:src\components\index.ts
FNF:0
FNH:0
DA:1,2
DA:2,2
DA:3,2
DA:4,2
DA:6,2
LF:5
LH:5
BRF:0
BRH:0
end_of_record
TN:
SF:src\components\validation.ts
FN:24,(anonymous_1)
FN:25,(anonymous_2)
FN:31,(anonymous_3)
FNF:3
FNH:3
FNDA:8,(anonymous_1)
FNDA:8,(anonymous_2)
FNDA:12,(anonymous_3)
DA:1,2
DA:2,2
DA:17,8
DA:25,8
DA:32,12
DA:33,3
DA:43,2
LF:7
LH:7
BRDA:32,0,0,3
BRDA:32,0,1,9
BRF:2
BRH:2
end_of_record
TN:
SF:src\components\AboutMe\index.ts
FN:13,findAll
FN:30,findOne
FN:47,create
FN:64,remove
FNF:4
FNH:0
FNDA:0,findAll
FNDA:0,findOne
FNDA:0,create
FNDA:0,remove
DA:1,2
DA:2,2
DA:13,2
DA:14,0
DA:15,0
DA:17,0
DA:19,0
DA:30,2
DA:31,0
DA:32,0
DA:34,0
DA:36,0
DA:47,2
DA:48,0
DA:49,0
DA:51,0
DA:53,0
DA:64,2
DA:65,0
DA:66,0
DA:68,0
DA:70,0
LF:22
LH:6
BRF:0
BRH:0
end_of_record
TN:
SF:src\components\AboutMe\model.ts
FNF:0
FNH:0
DA:1,2
DA:2,2
DA:32,2
DA:46,2
LF:4
LH:4
BRF:0
BRH:0
end_of_record
TN:
SF:src\components\AboutMe\service.ts
FN:16,(anonymous_8)
FN:34,(anonymous_10)
FN:64,(anonymous_12)
FN:85,(anonymous_14)
FNF:4
FNH:0
FNDA:0,(anonymous_8)
FNDA:0,(anonymous_10)
FNDA:0,(anonymous_12)
FNDA:0,(anonymous_14)
DA:2,2
DA:3,2
DA:5,2
DA:11,2
DA:17,0
DA:18,0
DA:19,0
DA:20,0
DA:22,0
DA:25,0
DA:35,0
DA:38,0
DA:42,0
DA:43,0
DA:46,0
DA:55,0
DA:65,0
DA:66,0
DA:68,0
DA:69,0
DA:72,0
DA:74,0
DA:76,0
DA:86,0
DA:89,0
DA:93,0
DA:94,0
DA:97,0
DA:101,0
DA:103,0
DA:108,2
LF:31
LH:5
BRDA:19,0,0,0
BRDA:19,0,1,0
BRDA:42,1,0,0
BRDA:42,1,1,0
BRDA:68,2,0,0
BRDA:68,2,1,0
BRDA:93,3,0,0
BRDA:93,3,1,0
BRF:8
BRH:0
end_of_record
TN:
SF:src\components\AboutMe\validation.ts
FN:16,(anonymous_1)
FN:33,(anonymous_2)
FN:48,(anonymous_3)
FNF:3
FNH:0
FNDA:0,(anonymous_1)
FNDA:0,(anonymous_2)
FNDA:0,(anonymous_3)
DA:1,2
DA:2,2
DA:17,0
DA:25,0
DA:36,0
DA:40,0
DA:51,0
DA:55,0
DA:59,2
LF:9
LH:3
BRF:0
BRH:0
end_of_record
TN:
SF:src\components\Auth\index.ts
FN:21,signup
FN:45,login
FN:82,user
FNF:3
FNH:0
FNDA:0,signup
FNDA:0,login
FNDA:0,user
DA:1,2
DA:2,2
DA:5,2
DA:6,2
DA:7,2
DA:8,2
DA:21,2
DA:22,0
DA:23,0
DA:25,0
DA:29,0
DA:30,0
DA:32,0
DA:45,2
DA:46,0
DA:47,0
DA:49,0
DA:57,0
DA:66,0
DA:67,0
DA:69,0
DA:82,2
DA:83,0
DA:84,0
DA:86,0
DA:88,0
DA:89,0
DA:91,0
LF:28
LH:9
BRDA:29,0,0,0
BRDA:29,0,1,0
BRDA:66,1,0,0
BRDA:66,1,1,0
BRDA:88,2,0,0
BRDA:88,2,1,0
BRF:6
BRH:0
end_of_record
TN:
SF:src\components\Auth\service.ts
FN:17,(anonymous_8)
FN:50,(anonymous_10)
FNF:2
FNH:0
FNDA:0,(anonymous_8)
FNDA:0,(anonymous_10)
DA:2,2
DA:3,2
DA:11,2
DA:18,0
DA:19,0
DA:21,0
DA:22,0
DA:25,0
DA:30,0
DA:34,0
DA:35,0
DA:38,0
DA:40,0
DA:42,0
DA:51,0
DA:52,0
DA:54,0
DA:55,0
DA:58,0
DA:62,0
DA:64,0
DA:65,0
DA:68,0
DA:70,0
DA:75,2
LF:25
LH:4
BRDA:21,0,0,0
BRDA:21,0,1,0
BRDA:34,1,0,0
BRDA:34,1,1,0
BRDA:54,2,0,0
BRDA:54,2,1,0
BRDA:62,3,0,0
BRDA:62,3,1,0
BRDA:64,4,0,0
BRDA:64,4,1,0
BRF:10
BRH:0
end_of_record
TN:
SF:src\components\Auth\validation.ts
FN:17,(anonymous_1)
FN:35,(anonymous_2)
FNF:2
FNH:0
FNDA:0,(anonymous_1)
FNDA:0,(anonymous_2)
DA:1,2
DA:2,2
DA:18,0
DA:27,0
DA:36,0
DA:45,0
DA:49,2
LF:7
LH:3
BRF:0
BRH:0
end_of_record
TN:
SF:src\components\Projects\index.ts
FN:13,findAll
FN:17,(anonymous_10)
FN:30,findOne
FN:62,create
FN:84,update
FN:103,remove
FNF:6
FNH:6
FNDA:2,findAll
FNDA:1,(anonymous_10)
FNDA:3,findOne
FNDA:3,create
FNDA:1,update
FNDA:1,remove
DA:1,2
DA:2,2
DA:13,2
DA:14,2
DA:15,2
DA:17,2
DA:19,0
DA:30,2
DA:31,3
DA:32,3
DA:34,2
DA:35,1
DA:36,1
DA:39,1
DA:42,1
DA:48,1
DA:49,1
DA:51,0
DA:62,2
DA:63,3
DA:64,3
DA:66,2
DA:69,1
DA:70,1
DA:71,1
DA:73,0
DA:84,2
DA:85,1
DA:86,1
DA:87,1
DA:88,1
DA:90,1
DA:92,0
DA:103,2
DA:104,1
DA:105,1
DA:107,1
DA:109,0
LF:38
LH:33
BRDA:34,0,0,1
BRDA:34,0,1,1
BRDA:42,1,0,1
BRDA:42,1,1,0
BRDA:42,2,0,1
BRDA:42,2,1,1
BRDA:42,2,2,1
BRDA:42,2,3,1
BRDA:42,2,4,0
BRDA:51,3,0,0
BRDA:51,3,1,0
BRDA:51,4,0,0
BRDA:51,4,1,0
BRDA:51,5,0,0
BRDA:51,5,1,0
BRDA:69,6,0,1
BRDA:69,6,1,0
BRDA:69,7,0,1
BRDA:69,7,1,1
BRDA:69,7,2,0
BRDA:73,8,0,0
BRDA:73,8,1,0
BRDA:73,9,0,0
BRDA:73,9,1,0
BRDA:73,10,0,0
BRDA:73,10,1,0
BRF:26
BRH:10
end_of_record
TN:
SF:src\components\Projects\model.ts
FNF:0
FNH:0
DA:1,2
DA:2,2
DA:33,2
DA:48,2
LF:4
LH:4
BRF:0
BRH:0
end_of_record
TN:
SF:src\components\Projects\service.ts
FN:16,(anonymous_8)
FN:29,(anonymous_10)
FN:59,(anonymous_12)
FN:80,(anonymous_14)
FNF:4
FNH:4
FNDA:2,(anonymous_8)
FNDA:3,(anonymous_10)
FNDA:4,(anonymous_12)
FNDA:2,(anonymous_14)
DA:2,2
DA:3,2
DA:5,2
DA:11,2
DA:17,2
DA:18,2
DA:20,0
DA:30,3
DA:33,3
DA:37,2
DA:38,0
DA:41,2
DA:50,1
DA:60,4
DA:61,4
DA:63,4
DA:64,1
DA:67,3
DA:69,3
DA:71,1
DA:81,2
DA:84,2
DA:88,2
DA:89,0
DA:92,2
DA:96,2
DA:98,0
DA:103,2
LF:28
LH:24
BRDA:37,0,0,0
BRDA:37,0,1,2
BRDA:63,1,0,1
BRDA:63,1,1,3
BRDA:88,2,0,0
BRDA:88,2,1,2
BRF:6
BRH:4
end_of_record
TN:
SF:src\components\Projects\validation.ts
FN:16,(anonymous_1)
FN:34,(anonymous_2)
FN:49,(anonymous_3)
FNF:3
FNH:3
FNDA:4,(anonymous_1)
FNDA:3,(anonymous_2)
FNDA:2,(anonymous_3)
DA:1,2
DA:2,2
DA:17,4
DA:26,4
DA:37,3
DA:41,3
DA:52,2
DA:56,2
DA:60,2
LF:9
LH:9
BRF:0
BRH:0
end_of_record
TN:
SF:src\components\User\index.ts
FN:12,findAll
FN:29,findOne
FN:46,create
FN:63,remove
FNF:4
FNH:4
FNDA:3,findAll
FNDA:4,findOne
FNDA:6,create
FNDA:3,remove
DA:1,2
DA:12,2
DA:13,3
DA:14,3
DA:16,3
DA:18,0
DA:29,2
DA:30,4
DA:31,4
DA:33,1
DA:35,3
DA:46,2
DA:47,6
DA:48,6
DA:50,2
DA:52,4
DA:63,2
DA:64,3
DA:65,3
DA:67,1
DA:69,2
LF:21
LH:20
BRF:0
BRH:0
end_of_record
TN:
SF:src\components\User\model.ts
FN:55,(anonymous_13)
FN:75,(anonymous_15)
FNF:2
FNH:1
FNDA:8,(anonymous_13)
FNDA:0,(anonymous_15)
DA:1,2
DA:2,2
DA:3,2
DA:36,2
DA:56,8
DA:57,0
DA:60,8
DA:61,8
DA:63,8
DA:65,8
DA:66,8
DA:68,0
DA:75,2
DA:76,0
DA:77,0
DA:79,0
DA:81,0
DA:85,2
LF:18
LH:12
BRDA:56,0,0,0
BRDA:56,0,1,8
BRF:2
BRH:1
end_of_record
TN:
SF:src\components\User\service.ts
FN:17,(anonymous_8)
FN:30,(anonymous_10)
FN:72,(anonymous_12)
FN:99,(anonymous_14)
FNF:4
FNH:4
FNDA:3,(anonymous_8)
FNDA:4,(anonymous_10)
FNDA:6,(anonymous_12)
FNDA:3,(anonymous_14)
DA:2,2
DA:3,2
DA:5,2
DA:6,2
DA:12,2
DA:18,3
DA:19,3
DA:21,0
DA:31,4
DA:34,4
DA:38,3
DA:39,0
DA:42,3
DA:51,3
DA:52,2
DA:55,1
DA:57,3
DA:58,1
DA:60,2
DA:61,2
DA:63,0
DA:73,6
DA:74,6
DA:76,6
DA:77,3
DA:80,3
DA:82,2
DA:84,4
DA:85,1
DA:87,3
DA:88,3
DA:90,0
DA:100,3
DA:103,3
DA:107,2
DA:108,0
DA:111,2
DA:115,2
DA:116,1
DA:119,1
DA:121,2
DA:122,1
DA:124,1
DA:125,1
DA:127,0
DA:132,2
LF:46
LH:40
BRDA:38,0,0,0
BRDA:38,0,1,3
BRDA:51,1,0,2
BRDA:51,1,1,1
BRDA:57,2,0,1
BRDA:57,2,1,2
BRDA:57,3,0,3
BRDA:57,3,1,2
BRDA:60,4,0,2
BRDA:60,4,1,0
BRDA:76,5,0,3
BRDA:76,5,1,3
BRDA:84,6,0,1
BRDA:84,6,1,3
BRDA:84,7,0,4
BRDA:84,7,1,3
BRDA:87,8,0,3
BRDA:87,8,1,0
BRDA:107,9,0,0
BRDA:107,9,1,2
BRDA:115,10,0,1
BRDA:115,10,1,1
BRDA:121,11,0,1
BRDA:121,11,1,1
BRDA:121,12,0,2
BRDA:121,12,1,1
BRDA:124,13,0,1
BRDA:124,13,1,0
BRF:28
BRH:23
end_of_record
TN:
SF:src\components\User\validation.ts
FN:16,(anonymous_1)
FN:34,(anonymous_2)
FN:49,(anonymous_3)
FNF:3
FNH:3
FNDA:6,(anonymous_1)
FNDA:4,(anonymous_2)
FNDA:3,(anonymous_3)
DA:1,2
DA:2,2
DA:17,6
DA:26,6
DA:37,4
DA:41,4
DA:52,3
DA:56,3
DA:60,2
LF:9
LH:9
BRF:0
BRH:0
end_of_record
TN:
SF:src\config\connection\connection.ts
FN:10,(anonymous_1)
FN:14,(anonymous_2)
FN:19,(anonymous_3)
FN:23,(anonymous_4)
FN:27,(anonymous_5)
FN:31,(anonymous_6)
FN:35,(anonymous_7)
FN:39,(anonymous_8)
FNF:8
FNH:3
FNDA:0,(anonymous_1)
FNDA:0,(anonymous_2)
FNDA:2,(anonymous_3)
FNDA:2,(anonymous_4)
FNDA:0,(anonymous_5)
FNDA:0,(anonymous_6)
FNDA:2,(anonymous_7)
FNDA:0,(anonymous_8)
DA:1,2
DA:2,2
DA:3,2
DA:5,2
DA:7,2
DA:10,2
DA:11,0
DA:14,2
DA:15,0
DA:16,0
DA:19,2
DA:20,2
DA:23,2
DA:24,2
DA:27,2
DA:28,0
DA:31,2
DA:32,0
DA:35,2
DA:36,2
DA:39,2
DA:40,0
LF:22
LH:16
BRF:0
BRH:0
end_of_record
TN:
SF:src\config\env\index.ts
FNF:0
FNH:0
DA:1,2
DA:3,2
DA:14,2
DA:16,2
DA:25,2
DA:34,2
DA:45,2
DA:51,2
LF:8
LH:8
BRDA:14,0,0,2
BRDA:14,0,1,0
BRDA:17,1,0,2
BRDA:17,1,1,0
BRDA:19,2,0,2
BRDA:19,2,1,0
BRDA:20,3,0,2
BRDA:20,3,1,0
BRDA:22,4,0,2
BRDA:22,4,1,0
BRDA:26,5,0,2
BRDA:26,5,1,0
BRDA:28,6,0,2
BRDA:28,6,1,0
BRDA:29,7,0,2
BRDA:29,7,1,0
BRDA:31,8,0,2
BRDA:31,8,1,0
BRDA:35,9,0,2
BRDA:35,9,1,0
BRDA:37,10,0,2
BRDA:37,10,1,0
BRDA:38,11,0,2
BRDA:38,11,1,0
BRDA:40,12,0,2
BRDA:40,12,1,0
BRF:26
BRH:13
end_of_record
TN:
SF:src\config\error\index.ts
FN:21,(anonymous_6)
FNF:1
FNH:1
FNDA:9,(anonymous_6)
DA:1,2
DA:8,2
DA:22,9
DA:24,9
DA:26,9
DA:27,9
DA:28,9
DA:32,2
LF:8
LH:8
BRDA:26,0,0,9
BRDA:26,0,1,0
BRDA:28,1,0,9
BRDA:28,1,1,0
BRDA:28,1,2,0
BRF:5
BRH:2
end_of_record
TN:
SF:src\config\error\sendHttpError.ts
FN:29,sendHttpErrorModule
FN:30,(anonymous_1)
FN:63,(anonymous_2)
FNF:3
FNH:2
FNDA:26,sendHttpErrorModule
FNDA:9,(anonymous_1)
FNDA:0,(anonymous_2)
DA:29,2
DA:30,26
DA:31,9
DA:38,9
DA:44,9
DA:50,0
DA:54,26
DA:63,2
DA:64,0
DA:65,0
DA:74,0
LF:11
LH:7
BRDA:38,0,0,9
BRDA:38,0,1,0
BRDA:39,1,0,9
BRDA:39,1,1,9
BRDA:39,1,2,5
BRDA:39,1,3,0
BRDA:39,1,4,5
BRDA:42,2,0,5
BRDA:42,2,1,5
BRDA:64,3,0,0
BRDA:64,3,1,0
BRF:11
BRH:7
end_of_record
TN:
SF:src\config\middleware\jwtAuth.ts
FN:26,isAuthenticated
FNF:1
FNH:0
FNDA:0,isAuthenticated
DA:1,0
DA:2,0
DA:4,0
DA:5,0
DA:6,0
DA:26,0
DA:28,0
DA:30,0
DA:31,0
DA:32,0
DA:34,0
DA:36,0
DA:38,0
DA:44,0
LF:14
LH:0
BRDA:30,0,0,0
BRDA:30,0,1,0
BRDA:30,1,0,0
BRDA:30,1,1,0
BRF:4
BRH:0
end_of_record
TN:
SF:src\config\middleware\middleware.ts
FN:17,configure
FN:51,initErrorHandler
FN:52,(anonymous_3)
FNF:3
FNH:3
FNDA:2,configure
FNDA:2,initErrorHandler
FNDA:9,(anonymous_3)
DA:1,2
DA:2,2
DA:3,2
DA:4,2
DA:5,2
DA:7,2
DA:8,2
DA:9,2
DA:10,2
DA:17,2
DA:19,2
DA:24,2
DA:26,2
DA:28,2
DA:30,2
DA:32,2
DA:40,2
DA:51,2
DA:52,2
DA:53,9
DA:54,0
DA:57,9
DA:58,9
DA:60,0
DA:61,0
DA:62,0
DA:64,0
DA:65,0
DA:69,9
DA:70,0
LF:30
LH:23
BRDA:53,0,0,0
BRDA:53,0,1,9
BRDA:57,1,0,9
BRDA:57,1,1,0
BRDA:60,2,0,0
BRDA:60,2,1,0
BRDA:69,3,0,0
BRDA:69,3,1,9
BRF:8
BRH:3
end_of_record
TN:
SF:src\config\server\index.ts
FN:15,(anonymous_7)
FNF:1
FNH:0
FNDA:0,(anonymous_7)
DA:1,0
DA:2,0
DA:3,0
DA:5,0
DA:10,0
DA:15,0
DA:16,0
LF:7
LH:0
BRF:0
BRH:0
end_of_record
TN:
SF:src\config\server\server.ts
FNF:0
FNH:0
DA:1,2
DA:2,2
DA:3,2
DA:8,2
DA:13,2
DA:18,2
DA:23,2
DA:28,2
DA:33,2
DA:38,2
LF:10
LH:10
BRDA:28,0,0,2
BRDA:28,0,1,0
BRDA:33,1,0,2
BRDA:33,1,1,0
BRF:4
BRH:2
end_of_record
TN:
SF:src\config\server\serverHandlers.ts
FN:9,onError
FN:35,onListening
FNF:2
FNH:0
FNDA:0,onError
FNDA:0,onListening
DA:1,0
DA:9,0
DA:10,0
DA:11,0
DA:14,0
DA:16,0
DA:18,0
DA:19,0
DA:21,0
DA:23,0
DA:24,0
DA:26,0
DA:28,0
DA:35,0
DA:36,0
DA:37,0
DA:39,0
LF:17
LH:0
BRDA:10,0,0,0
BRDA:10,0,1,0
BRDA:14,1,0,0
BRDA:14,1,1,0
BRDA:16,2,0,0
BRDA:16,2,1,0
BRDA:16,2,2,0
BRDA:37,3,0,0
BRDA:37,3,1,0
BRF:9
BRH:0
end_of_record
TN:
SF:src\routes\AboutMeRouter.ts
FNF:0
FNH:0
DA:1,2
DA:2,2
DA:7,2
DA:9,2
DA:14,2
LF:5
LH:5
BRF:0
BRH:0
end_of_record
TN:
SF:src\routes\AuthRouter.ts
FNF:0
FNH:0
DA:1,2
DA:2,2
DA:7,2
DA:9,2
DA:15,2
LF:5
LH:5
BRF:0
BRH:0
end_of_record
TN:
SF:src\routes\ProjectsRouter.ts
FNF:0
FNH:0
DA:1,2
DA:2,2
DA:3,2
DA:8,2
DA:10,2
DA:12,2
DA:14,2
DA:16,2
DA:18,2
DA:23,2
LF:10
LH:10
BRF:0
BRH:0
end_of_record
TN:
SF:src\routes\UserRouter.ts
FNF:0
FNH:0
DA:1,2
DA:2,2
DA:7,2
DA:9,2
DA:11,2
DA:13,2
DA:15,2
DA:20,2
LF:8
LH:8
BRF:0
BRH:0
end_of_record
TN:
SF:src\routes\index.ts
FN:31,init
FN:79,(anonymous_8)
FN:94,oo_cm
FNF:3
FNH:1
FNDA:2,init
FNDA:0,(anonymous_8)
FNDA:0,oo_cm
DA:2,2
DA:3,2
DA:4,2
DA:5,2
DA:6,2
DA:7,2
DA:8,2
DA:9,2
DA:17,2
DA:18,2
DA:20,0
DA:21,0
DA:22,0
DA:23,0
DA:24,0
DA:31,2
DA:32,2
DA:40,2
DA:48,2
DA:56,2
DA:62,2
DA:70,2
DA:71,2
DA:72,2
DA:79,2
DA:80,0
DA:86,2
DA:94,2
LF:28
LH:22
BRDA:70,0,0,2
BRDA:70,0,1,0
BRDA:94,1,0,0
BRDA:94,1,1,0
BRF:4
BRH:1
end_of_record
TN:
SF:src\utils\Logger.ts
FNF:0
FNH:0
DA:1,2
DA:3,2
DA:8,2
LF:3
LH:3
BRF:0
BRH:0
end_of_record
