TN:
SF:src\index.ts
FNF:0
FNH:0
DA:1,0
DA:2,0
DA:6,0
LF:3
LH:0
BRF:0
BRH:0
end_of_record
TN:
SF:src\components\index.ts
FNF:0
FNH:0
DA:1,3
DA:2,3
DA:3,3
DA:4,3
DA:6,3
LF:5
LH:5
BRF:0
BRH:0
end_of_record
TN:
SF:src\components\validation.ts
FN:24,(anonymous_1)
FN:25,(anonymous_2)
FN:31,(anonymous_3)
FNF:3
FNH:3
FNDA:12,(anonymous_1)
FNDA:12,(anonymous_2)
FNDA:11,(anonymous_3)
DA:1,3
DA:2,3
DA:17,12
DA:25,12
DA:32,11
DA:33,2
DA:43,3
LF:7
LH:7
BRDA:32,0,0,2
BRDA:32,0,1,9
BRF:2
BRH:2
end_of_record
TN:
SF:src\components\AboutMe\index.ts
FN:13,findAll
FN:30,findOne
FN:47,create
FN:64,remove
FNF:4
FNH:0
FNDA:0,findAll
FNDA:0,findOne
FNDA:0,create
FNDA:0,remove
DA:1,3
DA:2,3
DA:13,3
DA:14,0
DA:15,0
DA:17,0
DA:19,0
DA:30,3
DA:31,0
DA:32,0
DA:34,0
DA:36,0
DA:47,3
DA:48,0
DA:49,0
DA:51,0
DA:53,0
DA:64,3
DA:65,0
DA:66,0
DA:68,0
DA:70,0
LF:22
LH:6
BRF:0
BRH:0
end_of_record
TN:
SF:src\components\AboutMe\model.ts
FNF:0
FNH:0
DA:1,3
DA:2,3
DA:32,3
DA:46,3
LF:4
LH:4
BRF:0
BRH:0
end_of_record
TN:
SF:src\components\AboutMe\service.ts
FN:16,(anonymous_8)
FN:34,(anonymous_10)
FN:64,(anonymous_12)
FN:85,(anonymous_14)
FNF:4
FNH:0
FNDA:0,(anonymous_8)
FNDA:0,(anonymous_10)
FNDA:0,(anonymous_12)
FNDA:0,(anonymous_14)
DA:2,3
DA:3,3
DA:5,3
DA:11,3
DA:17,0
DA:18,0
DA:19,0
DA:20,0
DA:22,0
DA:25,0
DA:35,0
DA:38,0
DA:42,0
DA:43,0
DA:46,0
DA:55,0
DA:65,0
DA:66,0
DA:68,0
DA:69,0
DA:72,0
DA:74,0
DA:76,0
DA:86,0
DA:89,0
DA:93,0
DA:94,0
DA:97,0
DA:101,0
DA:103,0
DA:108,3
LF:31
LH:5
BRDA:19,0,0,0
BRDA:19,0,1,0
BRDA:42,1,0,0
BRDA:42,1,1,0
BRDA:68,2,0,0
BRDA:68,2,1,0
BRDA:93,3,0,0
BRDA:93,3,1,0
BRF:8
BRH:0
end_of_record
TN:
SF:src\components\AboutMe\validation.ts
FN:16,(anonymous_1)
FN:33,(anonymous_2)
FN:48,(anonymous_3)
FNF:3
FNH:0
FNDA:0,(anonymous_1)
FNDA:0,(anonymous_2)
FNDA:0,(anonymous_3)
DA:1,3
DA:2,3
DA:17,0
DA:25,0
DA:36,0
DA:40,0
DA:51,0
DA:55,0
DA:59,3
LF:9
LH:3
BRF:0
BRH:0
end_of_record
TN:
SF:src\components\Auth\index.ts
FN:21,signup
FN:45,login
FN:82,user
FNF:3
FNH:0
FNDA:0,signup
FNDA:0,login
FNDA:0,user
DA:1,3
DA:2,3
DA:5,3
DA:6,3
DA:7,3
DA:8,3
DA:21,3
DA:22,0
DA:23,0
DA:25,0
DA:29,0
DA:30,0
DA:32,0
DA:45,3
DA:46,0
DA:47,0
DA:49,0
DA:57,0
DA:66,0
DA:67,0
DA:69,0
DA:82,3
DA:83,0
DA:84,0
DA:86,0
DA:88,0
DA:89,0
DA:91,0
LF:28
LH:9
BRDA:29,0,0,0
BRDA:29,0,1,0
BRDA:66,1,0,0
BRDA:66,1,1,0
BRDA:88,2,0,0
BRDA:88,2,1,0
BRF:6
BRH:0
end_of_record
TN:
SF:src\components\Auth\service.ts
FN:17,(anonymous_8)
FN:50,(anonymous_10)
FNF:2
FNH:0
FNDA:0,(anonymous_8)
FNDA:0,(anonymous_10)
DA:2,3
DA:3,3
DA:11,3
DA:18,0
DA:19,0
DA:21,0
DA:22,0
DA:25,0
DA:30,0
DA:34,0
DA:35,0
DA:38,0
DA:40,0
DA:42,0
DA:51,0
DA:52,0
DA:54,0
DA:55,0
DA:58,0
DA:60,0
DA:62,0
DA:63,0
DA:66,0
DA:68,0
DA:73,3
LF:25
LH:4
BRDA:21,0,0,0
BRDA:21,0,1,0
BRDA:34,1,0,0
BRDA:34,1,1,0
BRDA:54,2,0,0
BRDA:54,2,1,0
BRDA:60,3,0,0
BRDA:60,3,1,0
BRDA:62,4,0,0
BRDA:62,4,1,0
BRF:10
BRH:0
end_of_record
TN:
SF:src\components\Auth\validation.ts
FN:17,(anonymous_1)
FN:35,(anonymous_2)
FNF:2
FNH:0
FNDA:0,(anonymous_1)
FNDA:0,(anonymous_2)
DA:1,3
DA:2,3
DA:18,0
DA:27,0
DA:36,0
DA:45,0
DA:49,3
LF:7
LH:3
BRF:0
BRH:0
end_of_record
TN:
SF:src\components\Projects\index.ts
FN:7,forwardError
FN:19,findAll
FN:23,(anonymous_11)
FN:29,findOne
FN:39,create
FN:49,update
FN:61,remove
FNF:7
FNH:3
FNDA:2,forwardError
FNDA:0,findAll
FNDA:0,(anonymous_11)
FNDA:2,findOne
FNDA:2,create
FNDA:0,update
FNDA:0,remove
DA:2,3
DA:3,3
DA:8,2
DA:9,2
DA:12,0
DA:13,0
DA:16,0
DA:19,3
DA:20,0
DA:21,0
DA:23,0
DA:25,0
DA:29,3
DA:30,2
DA:31,2
DA:33,1
DA:35,1
DA:39,3
DA:40,2
DA:41,2
DA:43,1
DA:45,1
DA:49,3
DA:50,0
DA:51,0
DA:52,0
DA:53,0
DA:55,0
DA:57,0
DA:61,3
DA:62,0
DA:63,0
DA:65,0
DA:67,0
LF:34
LH:17
BRDA:8,0,0,2
BRDA:8,0,1,0
BRDA:12,1,0,0
BRDA:12,1,1,0
BRDA:12,2,0,0
BRDA:12,2,1,0
BRDA:12,3,0,0
BRDA:12,3,1,0
BRDA:16,4,0,0
BRDA:16,4,1,0
BRDA:16,5,0,0
BRDA:16,5,1,0
BRDA:16,6,0,0
BRDA:16,6,1,0
BRF:14
BRH:1
end_of_record
TN:
SF:src\components\Projects\model.ts
FNF:0
FNH:0
DA:1,3
DA:2,3
DA:33,3
DA:48,3
LF:4
LH:4
BRF:0
BRH:0
end_of_record
TN:
SF:src\components\Projects\service.ts
FN:14,(anonymous_8)
FN:27,(anonymous_10)
FN:63,(anonymous_12)
FN:82,(anonymous_14)
FNF:4
FNH:2
FNDA:0,(anonymous_8)
FNDA:2,(anonymous_10)
FNDA:2,(anonymous_12)
FNDA:0,(anonymous_14)
DA:3,3
DA:4,3
DA:6,3
DA:7,3
DA:13,3
DA:15,0
DA:16,0
DA:23,0
DA:28,2
DA:29,2
DA:31,2
DA:32,0
DA:35,2
DA:44,2
DA:45,1
DA:48,1
DA:50,1
DA:54,0
DA:56,1
DA:57,1
DA:59,0
DA:64,2
DA:65,2
DA:67,2
DA:68,1
DA:71,1
DA:73,1
DA:75,1
DA:76,1
DA:78,0
DA:83,0
DA:84,0
DA:88,0
DA:89,0
DA:92,0
DA:96,0
DA:97,0
DA:100,0
DA:102,0
DA:106,0
DA:108,0
DA:109,0
DA:111,0
DA:116,3
LF:44
LH:24
BRDA:31,0,0,0
BRDA:31,0,1,2
BRDA:44,1,0,1
BRDA:44,1,1,1
BRDA:50,2,0,0
BRDA:50,2,1,1
BRDA:51,3,0,1
BRDA:51,3,1,1
BRDA:51,4,0,0
BRDA:51,4,1,1
BRDA:51,5,0,1
BRDA:51,5,1,1
BRDA:52,6,0,1
BRDA:52,6,1,0
BRDA:52,7,0,0
BRDA:52,7,1,1
BRDA:52,8,0,1
BRDA:52,8,1,1
BRDA:56,9,0,1
BRDA:56,9,1,0
BRDA:67,10,0,1
BRDA:67,10,1,1
BRDA:75,11,0,1
BRDA:75,11,1,0
BRDA:88,12,0,0
BRDA:88,12,1,0
BRDA:96,13,0,0
BRDA:96,13,1,0
BRDA:102,14,0,0
BRDA:102,14,1,0
BRDA:103,15,0,0
BRDA:103,15,1,0
BRDA:103,16,0,0
BRDA:103,16,1,0
BRDA:103,17,0,0
BRDA:103,17,1,0
BRDA:104,18,0,0
BRDA:104,18,1,0
BRDA:104,19,0,0
BRDA:104,19,1,0
BRDA:104,20,0,0
BRDA:104,20,1,0
BRDA:108,21,0,0
BRDA:108,21,1,0
BRF:44
BRH:17
end_of_record
TN:
SF:src\components\Projects\validation.ts
FN:16,(anonymous_1)
FN:34,(anonymous_2)
FN:49,(anonymous_3)
FNF:3
FNH:2
FNDA:2,(anonymous_1)
FNDA:2,(anonymous_2)
FNDA:0,(anonymous_3)
DA:1,3
DA:2,3
DA:17,2
DA:26,2
DA:37,2
DA:41,2
DA:52,0
DA:56,0
DA:60,3
LF:9
LH:7
BRF:0
BRH:0
end_of_record
TN:
SF:src\components\User\index.ts
FN:12,findAll
FN:29,findOne
FN:46,create
FN:63,remove
FNF:4
FNH:4
FNDA:4,findAll
FNDA:5,findOne
FNDA:12,create
FNDA:4,remove
DA:1,3
DA:12,3
DA:13,4
DA:14,4
DA:16,4
DA:18,0
DA:29,3
DA:30,5
DA:31,5
DA:33,1
DA:35,4
DA:46,3
DA:47,12
DA:48,12
DA:50,4
DA:52,8
DA:63,3
DA:64,4
DA:65,4
DA:67,2
DA:69,2
LF:21
LH:20
BRF:0
BRH:0
end_of_record
TN:
SF:src\components\User\model.ts
FN:55,(anonymous_13)
FN:75,(anonymous_15)
FNF:2
FNH:1
FNDA:14,(anonymous_13)
FNDA:0,(anonymous_15)
DA:1,3
DA:2,3
DA:3,3
DA:36,3
DA:56,14
DA:57,0
DA:60,14
DA:61,14
DA:63,14
DA:65,14
DA:66,14
DA:68,0
DA:75,3
DA:76,0
DA:77,0
DA:79,0
DA:81,0
DA:85,3
LF:18
LH:12
BRDA:56,0,0,0
BRDA:56,0,1,14
BRF:2
BRH:1
end_of_record
TN:
SF:src\components\User\service.ts
FN:17,(anonymous_8)
FN:30,(anonymous_10)
FN:72,(anonymous_12)
FN:99,(anonymous_14)
FNF:4
FNH:4
FNDA:4,(anonymous_8)
FNDA:5,(anonymous_10)
FNDA:12,(anonymous_12)
FNDA:4,(anonymous_14)
DA:2,3
DA:3,3
DA:5,3
DA:6,3
DA:12,3
DA:18,4
DA:19,4
DA:21,0
DA:31,5
DA:34,5
DA:38,4
DA:39,0
DA:42,4
DA:51,4
DA:52,3
DA:55,1
DA:57,4
DA:58,1
DA:60,3
DA:61,3
DA:63,0
DA:73,12
DA:74,12
DA:76,12
DA:77,7
DA:80,5
DA:82,4
DA:84,8
DA:85,1
DA:87,7
DA:88,7
DA:90,0
DA:100,4
DA:103,4
DA:107,3
DA:108,0
DA:111,3
DA:115,3
DA:116,1
DA:119,2
DA:121,2
DA:122,1
DA:124,1
DA:125,1
DA:127,0
DA:132,3
LF:46
LH:40
BRDA:38,0,0,0
BRDA:38,0,1,4
BRDA:51,1,0,3
BRDA:51,1,1,1
BRDA:57,2,0,1
BRDA:57,2,1,3
BRDA:57,3,0,4
BRDA:57,3,1,3
BRDA:60,4,0,3
BRDA:60,4,1,0
BRDA:76,5,0,7
BRDA:76,5,1,5
BRDA:84,6,0,1
BRDA:84,6,1,7
BRDA:84,7,0,8
BRDA:84,7,1,7
BRDA:87,8,0,7
BRDA:87,8,1,0
BRDA:107,9,0,0
BRDA:107,9,1,3
BRDA:115,10,0,1
BRDA:115,10,1,2
BRDA:121,11,0,1
BRDA:121,11,1,1
BRDA:121,12,0,2
BRDA:121,12,1,1
BRDA:124,13,0,1
BRDA:124,13,1,0
BRF:28
BRH:23
end_of_record
TN:
SF:src\components\User\validation.ts
FN:16,(anonymous_1)
FN:34,(anonymous_2)
FN:49,(anonymous_3)
FNF:3
FNH:3
FNDA:12,(anonymous_1)
FNDA:5,(anonymous_2)
FNDA:4,(anonymous_3)
DA:1,3
DA:2,3
DA:17,12
DA:26,12
DA:37,5
DA:41,5
DA:52,4
DA:56,4
DA:60,3
LF:9
LH:9
BRF:0
BRH:0
end_of_record
TN:
SF:src\config\connection\connection.ts
FN:10,(anonymous_1)
FN:14,(anonymous_2)
FN:19,(anonymous_3)
FN:23,(anonymous_4)
FN:27,(anonymous_5)
FN:31,(anonymous_6)
FN:35,(anonymous_7)
FN:39,(anonymous_8)
FNF:8
FNH:3
FNDA:0,(anonymous_1)
FNDA:0,(anonymous_2)
FNDA:3,(anonymous_3)
FNDA:3,(anonymous_4)
FNDA:0,(anonymous_5)
FNDA:0,(anonymous_6)
FNDA:3,(anonymous_7)
FNDA:0,(anonymous_8)
DA:1,3
DA:2,3
DA:3,3
DA:5,3
DA:7,3
DA:10,3
DA:11,0
DA:14,3
DA:15,0
DA:16,0
DA:19,3
DA:20,3
DA:23,3
DA:24,3
DA:27,3
DA:28,0
DA:31,3
DA:32,0
DA:35,3
DA:36,3
DA:39,3
DA:40,0
LF:22
LH:16
BRF:0
BRH:0
end_of_record
TN:
SF:src\config\env\index.ts
FNF:0
FNH:0
DA:1,3
DA:3,3
DA:14,3
DA:16,3
DA:25,3
DA:34,3
DA:45,3
DA:51,3
LF:8
LH:8
BRDA:14,0,0,3
BRDA:14,0,1,0
BRDA:17,1,0,3
BRDA:17,1,1,0
BRDA:19,2,0,3
BRDA:19,2,1,0
BRDA:20,3,0,3
BRDA:20,3,1,0
BRDA:22,4,0,3
BRDA:22,4,1,0
BRDA:26,5,0,3
BRDA:26,5,1,0
BRDA:28,6,0,3
BRDA:28,6,1,0
BRDA:29,7,0,3
BRDA:29,7,1,0
BRDA:31,8,0,3
BRDA:31,8,1,0
BRDA:35,9,0,3
BRDA:35,9,1,0
BRDA:37,10,0,3
BRDA:37,10,1,0
BRDA:38,11,0,3
BRDA:38,11,1,0
BRDA:40,12,0,3
BRDA:40,12,1,0
BRF:26
BRH:13
end_of_record
TN:
SF:src\config\error\index.ts
FN:21,(anonymous_6)
FNF:1
FNH:1
FNDA:16,(anonymous_6)
DA:1,3
DA:8,3
DA:22,16
DA:24,16
DA:26,16
DA:27,16
DA:28,16
DA:32,3
LF:8
LH:8
BRDA:26,0,0,16
BRDA:26,0,1,0
BRDA:28,1,0,16
BRDA:28,1,1,0
BRDA:28,1,2,0
BRF:5
BRH:2
end_of_record
TN:
SF:src\config\error\sendHttpError.ts
FN:29,sendHttpErrorModule
FN:30,(anonymous_1)
FN:63,(anonymous_2)
FNF:3
FNH:2
FNDA:29,sendHttpErrorModule
FNDA:16,(anonymous_1)
FNDA:0,(anonymous_2)
DA:29,3
DA:30,29
DA:31,16
DA:38,16
DA:44,16
DA:50,0
DA:54,29
DA:63,3
DA:64,0
DA:65,0
DA:74,0
LF:11
LH:7
BRDA:38,0,0,16
BRDA:38,0,1,0
BRDA:39,1,0,16
BRDA:39,1,1,16
BRDA:39,1,2,7
BRDA:39,1,3,0
BRDA:39,1,4,7
BRDA:42,2,0,7
BRDA:42,2,1,7
BRDA:64,3,0,0
BRDA:64,3,1,0
BRF:11
BRH:7
end_of_record
TN:
SF:src\config\middleware\jwtAuth.ts
FN:26,isAuthenticated
FNF:1
FNH:0
FNDA:0,isAuthenticated
DA:1,0
DA:2,0
DA:4,0
DA:5,0
DA:6,0
DA:26,0
DA:28,0
DA:30,0
DA:31,0
DA:32,0
DA:34,0
DA:36,0
DA:38,0
DA:44,0
LF:14
LH:0
BRDA:30,0,0,0
BRDA:30,0,1,0
BRDA:30,1,0,0
BRDA:30,1,1,0
BRF:4
BRH:0
end_of_record
TN:
SF:src\config\middleware\middleware.ts
FN:17,configure
FN:51,initErrorHandler
FN:52,(anonymous_3)
FNF:3
FNH:3
FNDA:3,configure
FNDA:3,initErrorHandler
FNDA:16,(anonymous_3)
DA:1,3
DA:2,3
DA:3,3
DA:4,3
DA:5,3
DA:7,3
DA:8,3
DA:9,3
DA:10,3
DA:17,3
DA:19,3
DA:24,3
DA:26,3
DA:28,3
DA:30,3
DA:32,3
DA:40,3
DA:51,3
DA:52,3
DA:53,16
DA:54,0
DA:57,16
DA:58,16
DA:60,0
DA:61,0
DA:62,0
DA:64,0
DA:65,0
DA:69,16
DA:70,0
LF:30
LH:23
BRDA:53,0,0,0
BRDA:53,0,1,16
BRDA:57,1,0,16
BRDA:57,1,1,0
BRDA:60,2,0,0
BRDA:60,2,1,0
BRDA:69,3,0,0
BRDA:69,3,1,16
BRF:8
BRH:3
end_of_record
TN:
SF:src\config\server\index.ts
FN:15,(anonymous_7)
FNF:1
FNH:0
FNDA:0,(anonymous_7)
DA:1,0
DA:2,0
DA:3,0
DA:5,0
DA:10,0
DA:15,0
DA:16,0
LF:7
LH:0
BRF:0
BRH:0
end_of_record
TN:
SF:src\config\server\server.ts
FNF:0
FNH:0
DA:1,3
DA:2,3
DA:3,3
DA:8,3
DA:13,3
DA:18,3
DA:23,3
DA:28,3
DA:33,3
DA:38,3
LF:10
LH:10
BRDA:28,0,0,3
BRDA:28,0,1,0
BRDA:33,1,0,3
BRDA:33,1,1,0
BRF:4
BRH:2
end_of_record
TN:
SF:src\config\server\serverHandlers.ts
FN:9,onError
FN:35,onListening
FNF:2
FNH:0
FNDA:0,onError
FNDA:0,onListening
DA:1,0
DA:9,0
DA:10,0
DA:11,0
DA:14,0
DA:16,0
DA:18,0
DA:19,0
DA:21,0
DA:23,0
DA:24,0
DA:26,0
DA:28,0
DA:35,0
DA:36,0
DA:37,0
DA:39,0
LF:17
LH:0
BRDA:10,0,0,0
BRDA:10,0,1,0
BRDA:14,1,0,0
BRDA:14,1,1,0
BRDA:16,2,0,0
BRDA:16,2,1,0
BRDA:16,2,2,0
BRDA:37,3,0,0
BRDA:37,3,1,0
BRF:9
BRH:0
end_of_record
TN:
SF:src\routes\AboutMeRouter.ts
FNF:0
FNH:0
DA:1,3
DA:2,3
DA:7,3
DA:9,3
DA:14,3
LF:5
LH:5
BRF:0
BRH:0
end_of_record
TN:
SF:src\routes\AuthRouter.ts
FNF:0
FNH:0
DA:1,3
DA:2,3
DA:7,3
DA:9,3
DA:15,3
LF:5
LH:5
BRF:0
BRH:0
end_of_record
TN:
SF:src\routes\ProjectsRouter.ts
FNF:0
FNH:0
DA:2,3
DA:3,3
DA:4,3
DA:9,3
DA:11,3
DA:14,3
DA:16,3
DA:18,3
DA:20,3
DA:25,3
LF:10
LH:10
BRF:0
BRH:0
end_of_record
TN:
SF:src\routes\UserRouter.ts
FNF:0
FNH:0
DA:1,3
DA:2,3
DA:7,3
DA:9,3
DA:11,3
DA:13,3
DA:15,3
DA:20,3
LF:8
LH:8
BRF:0
BRH:0
end_of_record
TN:
SF:src\routes\index.ts
FN:31,init
FN:79,(anonymous_8)
FNF:2
FNH:1
FNDA:3,init
FNDA:0,(anonymous_8)
DA:2,3
DA:3,3
DA:4,3
DA:5,3
DA:6,3
DA:7,3
DA:8,3
DA:9,3
DA:17,3
DA:18,3
DA:20,0
DA:21,0
DA:22,0
DA:23,0
DA:24,0
DA:31,3
DA:32,3
DA:40,3
DA:48,3
DA:56,3
DA:62,3
DA:70,3
DA:71,3
DA:72,3
DA:79,3
DA:80,0
DA:86,3
LF:27
LH:21
BRDA:70,0,0,3
BRDA:70,0,1,0
BRF:2
BRH:1
end_of_record
TN:
SF:src\utils\Logger.ts
FNF:0
FNH:0
DA:1,3
DA:3,3
DA:8,3
LF:3
LH:3
BRF:0
BRH:0
end_of_record
